#
# There is insufficient memory for the Java Runtime Environment to continue.
# Native memory allocation (malloc) failed to allocate 1749776 bytes for Chunk::new
# Possible reasons:
#   The system is out of physical RAM or swap space
#   The process is running with CompressedOops enabled, and the Java Heap may be blocking the growth of the native heap
# Possible solutions:
#   Reduce memory load on the system
#   Increase physical memory or swap space
#   Check if swap backing store is full
#   Decrease Java heap size (-Xmx/-Xms)
#   Decrease number of Java threads
#   Decrease Java thread stack sizes (-Xss)
#   Set larger code cache with -XX:ReservedCodeCacheSize=
#   JVM is running with Zero Based Compressed Oops mode in which the Java heap is
#     placed in the first 32GB address space. The Java Heap base address is the
#     maximum limit for the native heap growth. Please use -XX:HeapBaseMinAddress
#     to set the Java Heap base and to place the Java Heap above 32GB virtual address.
# This output file may be truncated or incomplete.
#
#  Out of Memory Error (arena.cpp:197), pid=18672, tid=21572
#
# JRE version: OpenJDK Runtime Environment Microsoft-8035250 (11.0.20+8) (build 11.0.20+8-LTS)
# Java VM: OpenJDK 64-Bit Server VM Microsoft-8035250 (11.0.20+8-LTS, mixed mode, tiered, compressed oops, g1 gc, windows-amd64)
# No core dump will be written. Minidumps are not enabled by default on client versions of Windows
#

---------------  S U M M A R Y ------------

Command Line: org.jetbrains.kotlin.cli.jvm.K2JVMCompiler @E:\Itero\cubbie_lightmanager_migration\node_modules\react-native-gesture-handler\android\build\20240319_16899975068500679021.compiler.options

Host: 12th Gen Intel(R) Core(TM) i5-1240P, 16 cores, 15G,  Windows 11 , 64 bit Build 22621 (10.0.22621.3085)
Time: Tue Mar 19 18:29:12 2024 India Standard Time elapsed time: 10.158365 seconds (0d 0h 0m 10s)

---------------  T H R E A D  ---------------

Current thread (0x000001d5d1cc9000):  JavaThread "C2 CompilerThread0" daemon [_thread_in_native, id=21572, stack(0x000000c257f00000,0x000000c258000000)]


Current CompileTask:
C2:  10158 4930       4       org.jetbrains.kotlin.com.intellij.lang.impl.PsiBuilderImpl::insertLeaves (88 bytes)

Stack: [0x000000c257f00000,0x000000c258000000]
Native frames: (J=compiled Java code, j=interpreted, Vv=VM code, C=native code)
V  [jvm.dll+0x62e9da]
V  [jvm.dll+0x7bc4e9]
V  [jvm.dll+0x7bdbd8]
V  [jvm.dll+0x7be2b3]
V  [jvm.dll+0x2505a8]
V  [jvm.dll+0xc263c]
V  [jvm.dll+0xc2bfc]
V  [jvm.dll+0x35fd82]
V  [jvm.dll+0x19f201]
V  [jvm.dll+0x2098c5]
V  [jvm.dll+0x20893d]
V  [jvm.dll+0x18a7de]
V  [jvm.dll+0x2181ec]
V  [jvm.dll+0x21642b]
V  [jvm.dll+0x77efc0]
V  [jvm.dll+0x777db4]
V  [jvm.dll+0x62d845]
C  [ucrtbase.dll+0x29363]
C  [KERNEL32.DLL+0x1257d]
C  [ntdll.dll+0x5aa58]


---------------  P R O C E S S  ---------------

Threads class SMR info:
_java_thread_list=0x000001d5d2f7b800, length=13, elements={
0x000001d5acd03800, 0x000001d5d1c39800, 0x000001d5d1c5c800, 0x000001d5d1cc5800,
0x000001d5d1cc7000, 0x000001d5d1cc8000, 0x000001d5d1cc9000, 0x000001d5d1c75000,
0x000001d5d1c7a000, 0x000001d5d1e33800, 0x000001d5d1e3d800, 0x000001d5d1e5e800,
0x000001d5d235a000
}

Java Threads: ( => current thread )
  0x000001d5acd03800 JavaThread "main" [_thread_in_vm, id=32408, stack(0x000000c257300000,0x000000c257400000)]
  0x000001d5d1c39800 JavaThread "Reference Handler" daemon [_thread_blocked, id=41860, stack(0x000000c257a00000,0x000000c257b00000)]
  0x000001d5d1c5c800 JavaThread "Finalizer" daemon [_thread_blocked, id=33716, stack(0x000000c257b00000,0x000000c257c00000)]
  0x000001d5d1cc5800 JavaThread "Signal Dispatcher" daemon [_thread_blocked, id=31404, stack(0x000000c257c00000,0x000000c257d00000)]
  0x000001d5d1cc7000 JavaThread "Attach Listener" daemon [_thread_blocked, id=39148, stack(0x000000c257d00000,0x000000c257e00000)]
  0x000001d5d1cc8000 JavaThread "Service Thread" daemon [_thread_blocked, id=39860, stack(0x000000c257e00000,0x000000c257f00000)]
=>0x000001d5d1cc9000 JavaThread "C2 CompilerThread0" daemon [_thread_in_native, id=21572, stack(0x000000c257f00000,0x000000c258000000)]
  0x000001d5d1c75000 JavaThread "C1 CompilerThread0" daemon [_thread_blocked, id=6096, stack(0x000000c258000000,0x000000c258100000)]
  0x000001d5d1c7a000 JavaThread "Sweeper thread" daemon [_thread_blocked, id=23108, stack(0x000000c258100000,0x000000c258200000)]
  0x000001d5d1e33800 JavaThread "Common-Cleaner" daemon [_thread_blocked, id=38044, stack(0x000000c258300000,0x000000c258400000)]
  0x000001d5d1e3d800 JavaThread "C1 CompilerThread1" daemon [_thread_blocked, id=12872, stack(0x000000c258400000,0x000000c258500000)]
  0x000001d5d1e5e800 JavaThread "C1 CompilerThread2" daemon [_thread_blocked, id=40848, stack(0x000000c258600000,0x000000c258700000)]
  0x000001d5d235a000 JavaThread "C1 CompilerThread3" daemon [_thread_blocked, id=40252, stack(0x000000c258700000,0x000000c258800000)]

Other Threads:
  0x000001d5d1c36000 VMThread "VM Thread" [stack: 0x000000c257900000,0x000000c257a00000] [id=40936]
  0x000001d5d1e2a000 WatcherThread [stack: 0x000000c258200000,0x000000c258300000] [id=23416]
  0x000001d5acd1d800 GCTaskThread "GC Thread#0" [stack: 0x000000c257400000,0x000000c257500000] [id=32168]
  0x000001d5d24a2800 GCTaskThread "GC Thread#1" [stack: 0x000000c258800000,0x000000c258900000] [id=42180]
  0x000001d5d24b9000 GCTaskThread "GC Thread#2" [stack: 0x000000c258900000,0x000000c258a00000] [id=43164]
  0x000001d5d24ba000 GCTaskThread "GC Thread#3" [stack: 0x000000c258a00000,0x000000c258b00000] [id=39496]
  0x000001d5d24ab000 GCTaskThread "GC Thread#4" [stack: 0x000000c258b00000,0x000000c258c00000] [id=24736]
  0x000001d5d24ac000 GCTaskThread "GC Thread#5" [stack: 0x000000c258c00000,0x000000c258d00000] [id=43380]
  0x000001d5acd7b800 ConcurrentGCThread "G1 Main Marker" [stack: 0x000000c257500000,0x000000c257600000] [id=36592]
  0x000001d5acd7d000 ConcurrentGCThread "G1 Conc#0" [stack: 0x000000c257600000,0x000000c257700000] [id=16520]
  0x000001d5d3362000 ConcurrentGCThread "G1 Conc#1" [stack: 0x000000c258500000,0x000000c258600000] [id=18288]
  0x000001d5d24c7000 ConcurrentGCThread "G1 Conc#2" [stack: 0x000000c258d00000,0x000000c258e00000] [id=10492]
  0x000001d5d1296800 ConcurrentGCThread "G1 Refine#0" [stack: 0x000000c257700000,0x000000c257800000] [id=38900]
  0x000001d5d5739800 ConcurrentGCThread "G1 Refine#1" [stack: 0x000000c258e00000,0x000000c258f00000] [id=42976]
  0x000001d5d1297800 ConcurrentGCThread "G1 Young RemSet Sampling" [stack: 0x000000c257800000,0x000000c257900000] [id=27876]

Threads with active compile tasks:
C2 CompilerThread0    10184 4930       4       org.jetbrains.kotlin.com.intellij.lang.impl.PsiBuilderImpl::insertLeaves (88 bytes)

VM state:not at safepoint (normal execution)

VM Mutex/Monitor currently owned by a thread: None

Heap address: 0x0000000704e00000, size: 4018 MB, Compressed Oops mode: Zero based, Oop shift amount: 3
Narrow klass base: 0x0000000800000000, Narrow klass shift: 0
Compressed class space size: 1073741824 Address: 0x0000000800000000

Heap:
 garbage-first heap   total 258048K, used 101626K [0x0000000704e00000, 0x0000000800000000)
  region size 1024K, 79 young (80896K), 8 survivors (8192K)
 Metaspace       used 57478K, capacity 58133K, committed 58368K, reserved 1101824K
  class space    used 6610K, capacity 6906K, committed 6912K, reserved 1048576K
Heap Regions: E=young(eden), S=young(survivor), O=old, HS=humongous(starts), HC=humongous(continues), CS=collection set, F=free, A=archive, TAMS=top-at-mark-start (previous, next)
|   0|0x0000000704e00000, 0x0000000704f00000, 0x0000000704f00000|100%|HS|  |TAMS 0x0000000704f00000, 0x0000000704e00000| Complete 
|   1|0x0000000704f00000, 0x0000000705000000, 0x0000000705000000|100%|HC|  |TAMS 0x0000000705000000, 0x0000000704f00000| Complete 
|   2|0x0000000705000000, 0x0000000705100000, 0x0000000705100000|100%|HC|  |TAMS 0x0000000705100000, 0x0000000705000000| Complete 
|   3|0x0000000705100000, 0x0000000705200000, 0x0000000705200000|100%|HS|  |TAMS 0x0000000705200000, 0x0000000705100000| Complete 
|   4|0x0000000705200000, 0x0000000705300000, 0x0000000705300000|100%|HC|  |TAMS 0x0000000705300000, 0x0000000705200000| Complete 
|   5|0x0000000705300000, 0x0000000705400000, 0x0000000705400000|100%|HC|  |TAMS 0x0000000705400000, 0x0000000705300000| Complete 
|   6|0x0000000705400000, 0x0000000705500000, 0x0000000705500000|100%|HS|  |TAMS 0x0000000705400000, 0x0000000705400000| Complete 
|   7|0x0000000705500000, 0x0000000705500000, 0x0000000705600000|  0%| F|  |TAMS 0x0000000705500000, 0x0000000705500000| Untracked 
|   8|0x0000000705600000, 0x0000000705700000, 0x0000000705700000|100%| O|  |TAMS 0x0000000705700000, 0x0000000705600000| Untracked 
|   9|0x0000000705700000, 0x0000000705800000, 0x0000000705800000|100%| O|  |TAMS 0x0000000705800000, 0x0000000705700000| Untracked 
|  10|0x0000000705800000, 0x0000000705900000, 0x0000000705900000|100%| O|  |TAMS 0x0000000705900000, 0x0000000705800000| Untracked 
|  11|0x0000000705900000, 0x0000000705a00000, 0x0000000705a00000|100%| O|  |TAMS 0x0000000705a00000, 0x0000000705900000| Untracked 
|  12|0x0000000705a00000, 0x0000000705b00000, 0x0000000705b00000|100%| O|  |TAMS 0x0000000705b00000, 0x0000000705a00000| Untracked 
|  13|0x0000000705b00000, 0x0000000705c00000, 0x0000000705c00000|100%| O|  |TAMS 0x0000000705c00000, 0x0000000705b00000| Untracked 
|  14|0x0000000705c00000, 0x0000000705d00000, 0x0000000705d00000|100%| O|  |TAMS 0x0000000705d00000, 0x0000000705c00000| Untracked 
|  15|0x0000000705d00000, 0x0000000705e00000, 0x0000000705e00000|100%| O|  |TAMS 0x0000000705e00000, 0x0000000705d00000| Untracked 
|  16|0x0000000705e00000, 0x0000000705f00000, 0x0000000705f00000|100%| O|  |TAMS 0x0000000705f00000, 0x0000000705e00000| Untracked 
|  17|0x0000000705f00000, 0x0000000706000000, 0x0000000706000000|100%| O|  |TAMS 0x0000000706000000, 0x0000000705f00000| Untracked 
|  18|0x0000000706000000, 0x0000000706100000, 0x0000000706100000|100%| O|  |TAMS 0x0000000706100000, 0x0000000706000000| Untracked 
|  19|0x0000000706100000, 0x0000000706200000, 0x0000000706200000|100%| O|  |TAMS 0x0000000706200000, 0x0000000706100000| Untracked 
|  20|0x0000000706200000, 0x0000000706286c00, 0x0000000706300000| 52%| O|  |TAMS 0x0000000706286c00, 0x0000000706200000| Untracked 
|  21|0x0000000706300000, 0x0000000706400000, 0x0000000706400000|100%|HS|  |TAMS 0x0000000706300000, 0x0000000706300000| Complete 
|  22|0x0000000706400000, 0x0000000706500000, 0x0000000706500000|100%|HC|  |TAMS 0x0000000706400000, 0x0000000706400000| Complete 
|  23|0x0000000706500000, 0x0000000706500000, 0x0000000706600000|  0%| F|  |TAMS 0x0000000706500000, 0x0000000706500000| Untracked 
|  24|0x0000000706600000, 0x0000000706600000, 0x0000000706700000|  0%| F|  |TAMS 0x0000000706600000, 0x0000000706600000| Untracked 
|  25|0x0000000706700000, 0x0000000706700000, 0x0000000706800000|  0%| F|  |TAMS 0x0000000706700000, 0x0000000706700000| Untracked 
|  26|0x0000000706800000, 0x0000000706800000, 0x0000000706900000|  0%| F|  |TAMS 0x0000000706800000, 0x0000000706800000| Untracked 
|  27|0x0000000706900000, 0x0000000706900000, 0x0000000706a00000|  0%| F|  |TAMS 0x0000000706900000, 0x0000000706900000| Untracked 
|  28|0x0000000706a00000, 0x0000000706a00000, 0x0000000706b00000|  0%| F|  |TAMS 0x0000000706a00000, 0x0000000706a00000| Untracked 
|  29|0x0000000706b00000, 0x0000000706b00000, 0x0000000706c00000|  0%| F|  |TAMS 0x0000000706b00000, 0x0000000706b00000| Untracked 
|  30|0x0000000706c00000, 0x0000000706c00000, 0x0000000706d00000|  0%| F|  |TAMS 0x0000000706c00000, 0x0000000706c00000| Untracked 
|  31|0x0000000706d00000, 0x0000000706d00000, 0x0000000706e00000|  0%| F|  |TAMS 0x0000000706d00000, 0x0000000706d00000| Untracked 
|  32|0x0000000706e00000, 0x0000000706e00000, 0x0000000706f00000|  0%| F|  |TAMS 0x0000000706e00000, 0x0000000706e00000| Untracked 
|  33|0x0000000706f00000, 0x0000000706f00000, 0x0000000707000000|  0%| F|  |TAMS 0x0000000706f00000, 0x0000000706f00000| Untracked 
|  34|0x0000000707000000, 0x0000000707000000, 0x0000000707100000|  0%| F|  |TAMS 0x0000000707000000, 0x0000000707000000| Untracked 
|  35|0x0000000707100000, 0x0000000707100000, 0x0000000707200000|  0%| F|  |TAMS 0x0000000707100000, 0x0000000707100000| Untracked 
|  36|0x0000000707200000, 0x0000000707200000, 0x0000000707300000|  0%| F|  |TAMS 0x0000000707200000, 0x0000000707200000| Untracked 
|  37|0x0000000707300000, 0x0000000707300000, 0x0000000707400000|  0%| F|  |TAMS 0x0000000707300000, 0x0000000707300000| Untracked 
|  38|0x0000000707400000, 0x0000000707400000, 0x0000000707500000|  0%| F|  |TAMS 0x0000000707400000, 0x0000000707400000| Untracked 
|  39|0x0000000707500000, 0x0000000707500000, 0x0000000707600000|  0%| F|  |TAMS 0x0000000707500000, 0x0000000707500000| Untracked 
|  40|0x0000000707600000, 0x0000000707600000, 0x0000000707700000|  0%| F|  |TAMS 0x0000000707600000, 0x0000000707600000| Untracked 
|  41|0x0000000707700000, 0x0000000707700000, 0x0000000707800000|  0%| F|  |TAMS 0x0000000707700000, 0x0000000707700000| Untracked 
|  42|0x0000000707800000, 0x0000000707800000, 0x0000000707900000|  0%| F|  |TAMS 0x0000000707800000, 0x0000000707800000| Untracked 
|  43|0x0000000707900000, 0x0000000707900000, 0x0000000707a00000|  0%| F|  |TAMS 0x0000000707900000, 0x0000000707900000| Untracked 
|  44|0x0000000707a00000, 0x0000000707a00000, 0x0000000707b00000|  0%| F|  |TAMS 0x0000000707a00000, 0x0000000707a00000| Untracked 
|  45|0x0000000707b00000, 0x0000000707b00000, 0x0000000707c00000|  0%| F|  |TAMS 0x0000000707b00000, 0x0000000707b00000| Untracked 
|  46|0x0000000707c00000, 0x0000000707c00000, 0x0000000707d00000|  0%| F|  |TAMS 0x0000000707c00000, 0x0000000707c00000| Untracked 
|  47|0x0000000707d00000, 0x0000000707d00000, 0x0000000707e00000|  0%| F|  |TAMS 0x0000000707d00000, 0x0000000707d00000| Untracked 
|  48|0x0000000707e00000, 0x0000000707e00000, 0x0000000707f00000|  0%| F|  |TAMS 0x0000000707e00000, 0x0000000707e00000| Untracked 
|  49|0x0000000707f00000, 0x0000000707f00000, 0x0000000708000000|  0%| F|  |TAMS 0x0000000707f00000, 0x0000000707f00000| Untracked 
|  50|0x0000000708000000, 0x0000000708000000, 0x0000000708100000|  0%| F|  |TAMS 0x0000000708000000, 0x0000000708000000| Untracked 
|  51|0x0000000708100000, 0x0000000708100000, 0x0000000708200000|  0%| F|  |TAMS 0x0000000708100000, 0x0000000708100000| Untracked 
|  52|0x0000000708200000, 0x0000000708200000, 0x0000000708300000|  0%| F|  |TAMS 0x0000000708200000, 0x0000000708200000| Untracked 
|  53|0x0000000708300000, 0x0000000708300000, 0x0000000708400000|  0%| F|  |TAMS 0x0000000708300000, 0x0000000708300000| Untracked 
|  54|0x0000000708400000, 0x0000000708400000, 0x0000000708500000|  0%| F|  |TAMS 0x0000000708400000, 0x0000000708400000| Untracked 
|  55|0x0000000708500000, 0x0000000708500000, 0x0000000708600000|  0%| F|  |TAMS 0x0000000708500000, 0x0000000708500000| Untracked 
|  56|0x0000000708600000, 0x0000000708600000, 0x0000000708700000|  0%| F|  |TAMS 0x0000000708600000, 0x0000000708600000| Untracked 
|  57|0x0000000708700000, 0x0000000708700000, 0x0000000708800000|  0%| F|  |TAMS 0x0000000708700000, 0x0000000708700000| Untracked 
|  58|0x0000000708800000, 0x0000000708800000, 0x0000000708900000|  0%| F|  |TAMS 0x0000000708800000, 0x0000000708800000| Untracked 
|  59|0x0000000708900000, 0x0000000708900000, 0x0000000708a00000|  0%| F|  |TAMS 0x0000000708900000, 0x0000000708900000| Untracked 
|  60|0x0000000708a00000, 0x0000000708a00000, 0x0000000708b00000|  0%| F|  |TAMS 0x0000000708a00000, 0x0000000708a00000| Untracked 
|  61|0x0000000708b00000, 0x0000000708b00000, 0x0000000708c00000|  0%| F|  |TAMS 0x0000000708b00000, 0x0000000708b00000| Untracked 
|  62|0x0000000708c00000, 0x0000000708c00000, 0x0000000708d00000|  0%| F|  |TAMS 0x0000000708c00000, 0x0000000708c00000| Untracked 
|  63|0x0000000708d00000, 0x0000000708d00000, 0x0000000708e00000|  0%| F|  |TAMS 0x0000000708d00000, 0x0000000708d00000| Untracked 
|  64|0x0000000708e00000, 0x0000000708e00000, 0x0000000708f00000|  0%| F|  |TAMS 0x0000000708e00000, 0x0000000708e00000| Untracked 
|  65|0x0000000708f00000, 0x0000000708f00000, 0x0000000709000000|  0%| F|  |TAMS 0x0000000708f00000, 0x0000000708f00000| Untracked 
|  66|0x0000000709000000, 0x0000000709000000, 0x0000000709100000|  0%| F|  |TAMS 0x0000000709000000, 0x0000000709000000| Untracked 
|  67|0x0000000709100000, 0x0000000709100000, 0x0000000709200000|  0%| F|  |TAMS 0x0000000709100000, 0x0000000709100000| Untracked 
|  68|0x0000000709200000, 0x0000000709200000, 0x0000000709300000|  0%| F|  |TAMS 0x0000000709200000, 0x0000000709200000| Untracked 
|  69|0x0000000709300000, 0x0000000709300000, 0x0000000709400000|  0%| F|  |TAMS 0x0000000709300000, 0x0000000709300000| Untracked 
|  70|0x0000000709400000, 0x0000000709400000, 0x0000000709500000|  0%| F|  |TAMS 0x0000000709400000, 0x0000000709400000| Untracked 
|  71|0x0000000709500000, 0x0000000709500000, 0x0000000709600000|  0%| F|  |TAMS 0x0000000709500000, 0x0000000709500000| Untracked 
|  72|0x0000000709600000, 0x0000000709600000, 0x0000000709700000|  0%| F|  |TAMS 0x0000000709600000, 0x0000000709600000| Untracked 
|  73|0x0000000709700000, 0x0000000709700000, 0x0000000709800000|  0%| F|  |TAMS 0x0000000709700000, 0x0000000709700000| Untracked 
|  74|0x0000000709800000, 0x0000000709800000, 0x0000000709900000|  0%| F|  |TAMS 0x0000000709800000, 0x0000000709800000| Untracked 
|  75|0x0000000709900000, 0x0000000709900000, 0x0000000709a00000|  0%| F|  |TAMS 0x0000000709900000, 0x0000000709900000| Untracked 
|  76|0x0000000709a00000, 0x0000000709a00000, 0x0000000709b00000|  0%| F|  |TAMS 0x0000000709a00000, 0x0000000709a00000| Untracked 
|  77|0x0000000709b00000, 0x0000000709b00000, 0x0000000709c00000|  0%| F|  |TAMS 0x0000000709b00000, 0x0000000709b00000| Untracked 
|  78|0x0000000709c00000, 0x0000000709c00000, 0x0000000709d00000|  0%| F|  |TAMS 0x0000000709c00000, 0x0000000709c00000| Untracked 
|  79|0x0000000709d00000, 0x0000000709d00000, 0x0000000709e00000|  0%| F|  |TAMS 0x0000000709d00000, 0x0000000709d00000| Untracked 
|  80|0x0000000709e00000, 0x0000000709e00000, 0x0000000709f00000|  0%| F|  |TAMS 0x0000000709e00000, 0x0000000709e00000| Untracked 
|  81|0x0000000709f00000, 0x0000000709f00000, 0x000000070a000000|  0%| F|  |TAMS 0x0000000709f00000, 0x0000000709f00000| Untracked 
|  82|0x000000070a000000, 0x000000070a000000, 0x000000070a100000|  0%| F|  |TAMS 0x000000070a000000, 0x000000070a000000| Untracked 
|  83|0x000000070a100000, 0x000000070a100000, 0x000000070a200000|  0%| F|  |TAMS 0x000000070a100000, 0x000000070a100000| Untracked 
|  84|0x000000070a200000, 0x000000070a200000, 0x000000070a300000|  0%| F|  |TAMS 0x000000070a200000, 0x000000070a200000| Untracked 
|  85|0x000000070a300000, 0x000000070a300000, 0x000000070a400000|  0%| F|  |TAMS 0x000000070a300000, 0x000000070a300000| Untracked 
|  86|0x000000070a400000, 0x000000070a400000, 0x000000070a500000|  0%| F|  |TAMS 0x000000070a400000, 0x000000070a400000| Untracked 
|  87|0x000000070a500000, 0x000000070a500000, 0x000000070a600000|  0%| F|  |TAMS 0x000000070a500000, 0x000000070a500000| Untracked 
|  88|0x000000070a600000, 0x000000070a600000, 0x000000070a700000|  0%| F|  |TAMS 0x000000070a600000, 0x000000070a600000| Untracked 
|  89|0x000000070a700000, 0x000000070a700000, 0x000000070a800000|  0%| F|  |TAMS 0x000000070a700000, 0x000000070a700000| Untracked 
|  90|0x000000070a800000, 0x000000070a800000, 0x000000070a900000|  0%| F|  |TAMS 0x000000070a800000, 0x000000070a800000| Untracked 
|  91|0x000000070a900000, 0x000000070a900000, 0x000000070aa00000|  0%| F|  |TAMS 0x000000070a900000, 0x000000070a900000| Untracked 
|  92|0x000000070aa00000, 0x000000070aa00000, 0x000000070ab00000|  0%| F|  |TAMS 0x000000070aa00000, 0x000000070aa00000| Untracked 
|  93|0x000000070ab00000, 0x000000070ab00000, 0x000000070ac00000|  0%| F|  |TAMS 0x000000070ab00000, 0x000000070ab00000| Untracked 
|  94|0x000000070ac00000, 0x000000070ac00000, 0x000000070ad00000|  0%| F|  |TAMS 0x000000070ac00000, 0x000000070ac00000| Untracked 
|  95|0x000000070ad00000, 0x000000070ad00000, 0x000000070ae00000|  0%| F|  |TAMS 0x000000070ad00000, 0x000000070ad00000| Untracked 
|  96|0x000000070ae00000, 0x000000070ae00000, 0x000000070af00000|  0%| F|  |TAMS 0x000000070ae00000, 0x000000070ae00000| Untracked 
|  97|0x000000070af00000, 0x000000070af00000, 0x000000070b000000|  0%| F|  |TAMS 0x000000070af00000, 0x000000070af00000| Untracked 
|  98|0x000000070b000000, 0x000000070b000000, 0x000000070b100000|  0%| F|  |TAMS 0x000000070b000000, 0x000000070b000000| Untracked 
|  99|0x000000070b100000, 0x000000070b100000, 0x000000070b200000|  0%| F|  |TAMS 0x000000070b100000, 0x000000070b100000| Untracked 
| 100|0x000000070b200000, 0x000000070b200000, 0x000000070b300000|  0%| F|  |TAMS 0x000000070b200000, 0x000000070b200000| Untracked 
| 101|0x000000070b300000, 0x000000070b300000, 0x000000070b400000|  0%| F|  |TAMS 0x000000070b300000, 0x000000070b300000| Untracked 
| 102|0x000000070b400000, 0x000000070b400000, 0x000000070b500000|  0%| F|  |TAMS 0x000000070b400000, 0x000000070b400000| Untracked 
| 103|0x000000070b500000, 0x000000070b500000, 0x000000070b600000|  0%| F|  |TAMS 0x000000070b500000, 0x000000070b500000| Untracked 
| 104|0x000000070b600000, 0x000000070b600000, 0x000000070b700000|  0%| F|  |TAMS 0x000000070b600000, 0x000000070b600000| Untracked 
| 105|0x000000070b700000, 0x000000070b700000, 0x000000070b800000|  0%| F|  |TAMS 0x000000070b700000, 0x000000070b700000| Untracked 
| 106|0x000000070b800000, 0x000000070b800000, 0x000000070b900000|  0%| F|  |TAMS 0x000000070b800000, 0x000000070b800000| Untracked 
| 107|0x000000070b900000, 0x000000070b900000, 0x000000070ba00000|  0%| F|  |TAMS 0x000000070b900000, 0x000000070b900000| Untracked 
| 108|0x000000070ba00000, 0x000000070ba00000, 0x000000070bb00000|  0%| F|  |TAMS 0x000000070ba00000, 0x000000070ba00000| Untracked 
| 109|0x000000070bb00000, 0x000000070bb00000, 0x000000070bc00000|  0%| F|  |TAMS 0x000000070bb00000, 0x000000070bb00000| Untracked 
| 110|0x000000070bc00000, 0x000000070bc00000, 0x000000070bd00000|  0%| F|  |TAMS 0x000000070bc00000, 0x000000070bc00000| Untracked 
| 111|0x000000070bd00000, 0x000000070bd00000, 0x000000070be00000|  0%| F|  |TAMS 0x000000070bd00000, 0x000000070bd00000| Untracked 
| 112|0x000000070be00000, 0x000000070be00000, 0x000000070bf00000|  0%| F|  |TAMS 0x000000070be00000, 0x000000070be00000| Untracked 
| 113|0x000000070bf00000, 0x000000070bf00000, 0x000000070c000000|  0%| F|  |TAMS 0x000000070bf00000, 0x000000070bf00000| Untracked 
| 114|0x000000070c000000, 0x000000070c000000, 0x000000070c100000|  0%| F|  |TAMS 0x000000070c000000, 0x000000070c000000| Untracked 
| 115|0x000000070c100000, 0x000000070c100000, 0x000000070c200000|  0%| F|  |TAMS 0x000000070c100000, 0x000000070c100000| Untracked 
| 116|0x000000070c200000, 0x000000070c200000, 0x000000070c300000|  0%| F|  |TAMS 0x000000070c200000, 0x000000070c200000| Untracked 
| 117|0x000000070c300000, 0x000000070c300000, 0x000000070c400000|  0%| F|  |TAMS 0x000000070c300000, 0x000000070c300000| Untracked 
| 118|0x000000070c400000, 0x000000070c400000, 0x000000070c500000|  0%| F|  |TAMS 0x000000070c400000, 0x000000070c400000| Untracked 
| 119|0x000000070c500000, 0x000000070c500000, 0x000000070c600000|  0%| F|  |TAMS 0x000000070c500000, 0x000000070c500000| Untracked 
| 120|0x000000070c600000, 0x000000070c600000, 0x000000070c700000|  0%| F|  |TAMS 0x000000070c600000, 0x000000070c600000| Untracked 
| 121|0x000000070c700000, 0x000000070c700000, 0x000000070c800000|  0%| F|  |TAMS 0x000000070c700000, 0x000000070c700000| Untracked 
| 122|0x000000070c800000, 0x000000070c800000, 0x000000070c900000|  0%| F|  |TAMS 0x000000070c800000, 0x000000070c800000| Untracked 
| 123|0x000000070c900000, 0x000000070c900000, 0x000000070ca00000|  0%| F|  |TAMS 0x000000070c900000, 0x000000070c900000| Untracked 
| 124|0x000000070ca00000, 0x000000070ca00000, 0x000000070cb00000|  0%| F|  |TAMS 0x000000070ca00000, 0x000000070ca00000| Untracked 
| 125|0x000000070cb00000, 0x000000070cb00000, 0x000000070cc00000|  0%| F|  |TAMS 0x000000070cb00000, 0x000000070cb00000| Untracked 
| 126|0x000000070cc00000, 0x000000070cc00000, 0x000000070cd00000|  0%| F|  |TAMS 0x000000070cc00000, 0x000000070cc00000| Untracked 
| 127|0x000000070cd00000, 0x000000070cd00000, 0x000000070ce00000|  0%| F|  |TAMS 0x000000070cd00000, 0x000000070cd00000| Untracked 
| 128|0x000000070ce00000, 0x000000070ce00000, 0x000000070cf00000|  0%| F|  |TAMS 0x000000070ce00000, 0x000000070ce00000| Untracked 
| 129|0x000000070cf00000, 0x000000070cf00000, 0x000000070d000000|  0%| F|  |TAMS 0x000000070cf00000, 0x000000070cf00000| Untracked 
| 130|0x000000070d000000, 0x000000070d000000, 0x000000070d100000|  0%| F|  |TAMS 0x000000070d000000, 0x000000070d000000| Untracked 
| 131|0x000000070d100000, 0x000000070d100000, 0x000000070d200000|  0%| F|  |TAMS 0x000000070d100000, 0x000000070d100000| Untracked 
| 132|0x000000070d200000, 0x000000070d200000, 0x000000070d300000|  0%| F|  |TAMS 0x000000070d200000, 0x000000070d200000| Untracked 
| 133|0x000000070d300000, 0x000000070d300000, 0x000000070d400000|  0%| F|  |TAMS 0x000000070d300000, 0x000000070d300000| Untracked 
| 134|0x000000070d400000, 0x000000070d400000, 0x000000070d500000|  0%| F|  |TAMS 0x000000070d400000, 0x000000070d400000| Untracked 
| 135|0x000000070d500000, 0x000000070d500000, 0x000000070d600000|  0%| F|  |TAMS 0x000000070d500000, 0x000000070d500000| Untracked 
| 136|0x000000070d600000, 0x000000070d600000, 0x000000070d700000|  0%| F|  |TAMS 0x000000070d600000, 0x000000070d600000| Untracked 
| 137|0x000000070d700000, 0x000000070d700000, 0x000000070d800000|  0%| F|  |TAMS 0x000000070d700000, 0x000000070d700000| Untracked 
| 138|0x000000070d800000, 0x000000070d800000, 0x000000070d900000|  0%| F|  |TAMS 0x000000070d800000, 0x000000070d800000| Untracked 
| 139|0x000000070d900000, 0x000000070d900000, 0x000000070da00000|  0%| F|  |TAMS 0x000000070d900000, 0x000000070d900000| Untracked 
| 140|0x000000070da00000, 0x000000070da00000, 0x000000070db00000|  0%| F|  |TAMS 0x000000070da00000, 0x000000070da00000| Untracked 
| 141|0x000000070db00000, 0x000000070db00000, 0x000000070dc00000|  0%| F|  |TAMS 0x000000070db00000, 0x000000070db00000| Untracked 
| 142|0x000000070dc00000, 0x000000070dc00000, 0x000000070dd00000|  0%| F|  |TAMS 0x000000070dc00000, 0x000000070dc00000| Untracked 
| 143|0x000000070dd00000, 0x000000070dd00000, 0x000000070de00000|  0%| F|  |TAMS 0x000000070dd00000, 0x000000070dd00000| Untracked 
| 144|0x000000070de00000, 0x000000070de00000, 0x000000070df00000|  0%| F|  |TAMS 0x000000070de00000, 0x000000070de00000| Untracked 
| 145|0x000000070df00000, 0x000000070df00000, 0x000000070e000000|  0%| F|  |TAMS 0x000000070df00000, 0x000000070df00000| Untracked 
| 146|0x000000070e000000, 0x000000070e000000, 0x000000070e100000|  0%| F|  |TAMS 0x000000070e000000, 0x000000070e000000| Untracked 
| 147|0x000000070e100000, 0x000000070e100000, 0x000000070e200000|  0%| F|  |TAMS 0x000000070e100000, 0x000000070e100000| Untracked 
| 148|0x000000070e200000, 0x000000070e200000, 0x000000070e300000|  0%| F|  |TAMS 0x000000070e200000, 0x000000070e200000| Untracked 
| 149|0x000000070e300000, 0x000000070e300000, 0x000000070e400000|  0%| F|  |TAMS 0x000000070e300000, 0x000000070e300000| Untracked 
| 150|0x000000070e400000, 0x000000070e400000, 0x000000070e500000|  0%| F|  |TAMS 0x000000070e400000, 0x000000070e400000| Untracked 
| 151|0x000000070e500000, 0x000000070e500000, 0x000000070e600000|  0%| F|  |TAMS 0x000000070e500000, 0x000000070e500000| Untracked 
| 152|0x000000070e600000, 0x000000070e600000, 0x000000070e700000|  0%| F|  |TAMS 0x000000070e600000, 0x000000070e600000| Untracked 
| 153|0x000000070e700000, 0x000000070e700000, 0x000000070e800000|  0%| F|  |TAMS 0x000000070e700000, 0x000000070e700000| Untracked 
| 154|0x000000070e800000, 0x000000070e800000, 0x000000070e900000|  0%| F|  |TAMS 0x000000070e800000, 0x000000070e800000| Untracked 
| 155|0x000000070e900000, 0x000000070e900000, 0x000000070ea00000|  0%| F|  |TAMS 0x000000070e900000, 0x000000070e900000| Untracked 
| 156|0x000000070ea00000, 0x000000070ea00000, 0x000000070eb00000|  0%| F|  |TAMS 0x000000070ea00000, 0x000000070ea00000| Untracked 
| 157|0x000000070eb00000, 0x000000070eb00000, 0x000000070ec00000|  0%| F|  |TAMS 0x000000070eb00000, 0x000000070eb00000| Untracked 
| 158|0x000000070ec00000, 0x000000070ec00000, 0x000000070ed00000|  0%| F|  |TAMS 0x000000070ec00000, 0x000000070ec00000| Untracked 
| 159|0x000000070ed00000, 0x000000070ed00000, 0x000000070ee00000|  0%| F|  |TAMS 0x000000070ed00000, 0x000000070ed00000| Untracked 
| 160|0x000000070ee00000, 0x000000070ee00000, 0x000000070ef00000|  0%| F|  |TAMS 0x000000070ee00000, 0x000000070ee00000| Untracked 
| 161|0x000000070ef00000, 0x000000070ef00000, 0x000000070f000000|  0%| F|  |TAMS 0x000000070ef00000, 0x000000070ef00000| Untracked 
| 162|0x000000070f000000, 0x000000070f000000, 0x000000070f100000|  0%| F|  |TAMS 0x000000070f000000, 0x000000070f000000| Untracked 
| 163|0x000000070f100000, 0x000000070f100000, 0x000000070f200000|  0%| F|  |TAMS 0x000000070f100000, 0x000000070f100000| Untracked 
| 164|0x000000070f200000, 0x000000070f200000, 0x000000070f300000|  0%| F|  |TAMS 0x000000070f200000, 0x000000070f200000| Untracked 
| 165|0x000000070f300000, 0x000000070f300000, 0x000000070f400000|  0%| F|  |TAMS 0x000000070f300000, 0x000000070f300000| Untracked 
| 166|0x000000070f400000, 0x000000070f400000, 0x000000070f500000|  0%| F|  |TAMS 0x000000070f400000, 0x000000070f400000| Untracked 
| 167|0x000000070f500000, 0x000000070f500000, 0x000000070f600000|  0%| F|  |TAMS 0x000000070f500000, 0x000000070f500000| Untracked 
| 168|0x000000070f600000, 0x000000070f600000, 0x000000070f700000|  0%| F|  |TAMS 0x000000070f600000, 0x000000070f600000| Untracked 
| 169|0x000000070f700000, 0x000000070f700000, 0x000000070f800000|  0%| F|  |TAMS 0x000000070f700000, 0x000000070f700000| Untracked 
| 170|0x000000070f800000, 0x000000070f800000, 0x000000070f900000|  0%| F|  |TAMS 0x000000070f800000, 0x000000070f800000| Untracked 
| 171|0x000000070f900000, 0x000000070f900000, 0x000000070fa00000|  0%| F|  |TAMS 0x000000070f900000, 0x000000070f900000| Untracked 
| 172|0x000000070fa00000, 0x000000070fa00000, 0x000000070fb00000|  0%| F|  |TAMS 0x000000070fa00000, 0x000000070fa00000| Untracked 
| 173|0x000000070fb00000, 0x000000070fc00000, 0x000000070fc00000|100%| E|  |TAMS 0x000000070fb00000, 0x000000070fb00000| Complete 
| 174|0x000000070fc00000, 0x000000070fd00000, 0x000000070fd00000|100%| E|CS|TAMS 0x000000070fc00000, 0x000000070fc00000| Complete 
| 175|0x000000070fd00000, 0x000000070fe00000, 0x000000070fe00000|100%| E|CS|TAMS 0x000000070fd00000, 0x000000070fd00000| Complete 
| 176|0x000000070fe00000, 0x000000070ff00000, 0x000000070ff00000|100%| E|CS|TAMS 0x000000070fe00000, 0x000000070fe00000| Complete 
| 177|0x000000070ff00000, 0x0000000710000000, 0x0000000710000000|100%| E|CS|TAMS 0x000000070ff00000, 0x000000070ff00000| Complete 
| 178|0x0000000710000000, 0x0000000710100000, 0x0000000710100000|100%| E|CS|TAMS 0x0000000710000000, 0x0000000710000000| Complete 
| 179|0x0000000710100000, 0x0000000710200000, 0x0000000710200000|100%| E|CS|TAMS 0x0000000710100000, 0x0000000710100000| Complete 
| 180|0x0000000710200000, 0x0000000710300000, 0x0000000710300000|100%| E|CS|TAMS 0x0000000710200000, 0x0000000710200000| Complete 
| 181|0x0000000710300000, 0x0000000710400000, 0x0000000710400000|100%| E|CS|TAMS 0x0000000710300000, 0x0000000710300000| Complete 
| 182|0x0000000710400000, 0x00000007104b7c80, 0x0000000710500000| 71%| S|CS|TAMS 0x0000000710400000, 0x0000000710400000| Complete 
| 183|0x0000000710500000, 0x0000000710600000, 0x0000000710600000|100%| S|CS|TAMS 0x0000000710500000, 0x0000000710500000| Complete 
| 184|0x0000000710600000, 0x0000000710700000, 0x0000000710700000|100%| S|CS|TAMS 0x0000000710600000, 0x0000000710600000| Complete 
| 185|0x0000000710700000, 0x0000000710800000, 0x0000000710800000|100%| S|CS|TAMS 0x0000000710700000, 0x0000000710700000| Complete 
| 186|0x0000000710800000, 0x0000000710900000, 0x0000000710900000|100%| S|CS|TAMS 0x0000000710800000, 0x0000000710800000| Complete 
| 187|0x0000000710900000, 0x0000000710a00000, 0x0000000710a00000|100%| S|CS|TAMS 0x0000000710900000, 0x0000000710900000| Complete 
| 188|0x0000000710a00000, 0x0000000710b00000, 0x0000000710b00000|100%| S|CS|TAMS 0x0000000710a00000, 0x0000000710a00000| Complete 
| 189|0x0000000710b00000, 0x0000000710c00000, 0x0000000710c00000|100%| S|CS|TAMS 0x0000000710b00000, 0x0000000710b00000| Complete 
| 190|0x0000000710c00000, 0x0000000710d00000, 0x0000000710d00000|100%| E|CS|TAMS 0x0000000710c00000, 0x0000000710c00000| Complete 
| 191|0x0000000710d00000, 0x0000000710e00000, 0x0000000710e00000|100%| E|CS|TAMS 0x0000000710d00000, 0x0000000710d00000| Complete 
| 192|0x0000000710e00000, 0x0000000710f00000, 0x0000000710f00000|100%| E|CS|TAMS 0x0000000710e00000, 0x0000000710e00000| Complete 
| 193|0x0000000710f00000, 0x0000000711000000, 0x0000000711000000|100%| E|CS|TAMS 0x0000000710f00000, 0x0000000710f00000| Complete 
| 194|0x0000000711000000, 0x0000000711100000, 0x0000000711100000|100%| E|CS|TAMS 0x0000000711000000, 0x0000000711000000| Complete 
| 195|0x0000000711100000, 0x0000000711200000, 0x0000000711200000|100%| E|CS|TAMS 0x0000000711100000, 0x0000000711100000| Complete 
| 196|0x0000000711200000, 0x0000000711300000, 0x0000000711300000|100%| E|CS|TAMS 0x0000000711200000, 0x0000000711200000| Complete 
| 197|0x0000000711300000, 0x0000000711400000, 0x0000000711400000|100%| E|CS|TAMS 0x0000000711300000, 0x0000000711300000| Complete 
| 198|0x0000000711400000, 0x0000000711500000, 0x0000000711500000|100%| E|CS|TAMS 0x0000000711400000, 0x0000000711400000| Complete 
| 199|0x0000000711500000, 0x0000000711600000, 0x0000000711600000|100%| E|CS|TAMS 0x0000000711500000, 0x0000000711500000| Complete 
| 200|0x0000000711600000, 0x0000000711700000, 0x0000000711700000|100%| E|CS|TAMS 0x0000000711600000, 0x0000000711600000| Complete 
| 201|0x0000000711700000, 0x0000000711800000, 0x0000000711800000|100%| E|CS|TAMS 0x0000000711700000, 0x0000000711700000| Complete 
| 202|0x0000000711800000, 0x0000000711900000, 0x0000000711900000|100%| E|CS|TAMS 0x0000000711800000, 0x0000000711800000| Complete 
| 203|0x0000000711900000, 0x0000000711a00000, 0x0000000711a00000|100%| E|CS|TAMS 0x0000000711900000, 0x0000000711900000| Complete 
| 204|0x0000000711a00000, 0x0000000711b00000, 0x0000000711b00000|100%| E|CS|TAMS 0x0000000711a00000, 0x0000000711a00000| Complete 
| 205|0x0000000711b00000, 0x0000000711c00000, 0x0000000711c00000|100%| E|CS|TAMS 0x0000000711b00000, 0x0000000711b00000| Complete 
| 206|0x0000000711c00000, 0x0000000711d00000, 0x0000000711d00000|100%| E|CS|TAMS 0x0000000711c00000, 0x0000000711c00000| Complete 
| 207|0x0000000711d00000, 0x0000000711e00000, 0x0000000711e00000|100%| E|CS|TAMS 0x0000000711d00000, 0x0000000711d00000| Complete 
| 208|0x0000000711e00000, 0x0000000711f00000, 0x0000000711f00000|100%| E|CS|TAMS 0x0000000711e00000, 0x0000000711e00000| Complete 
| 209|0x0000000711f00000, 0x0000000712000000, 0x0000000712000000|100%| E|CS|TAMS 0x0000000711f00000, 0x0000000711f00000| Complete 
| 210|0x0000000712000000, 0x0000000712100000, 0x0000000712100000|100%| E|CS|TAMS 0x0000000712000000, 0x0000000712000000| Complete 
| 211|0x0000000712100000, 0x0000000712200000, 0x0000000712200000|100%| E|CS|TAMS 0x0000000712100000, 0x0000000712100000| Complete 
| 212|0x0000000712200000, 0x0000000712300000, 0x0000000712300000|100%| E|CS|TAMS 0x0000000712200000, 0x0000000712200000| Complete 
| 213|0x0000000712300000, 0x0000000712400000, 0x0000000712400000|100%| E|CS|TAMS 0x0000000712300000, 0x0000000712300000| Complete 
| 214|0x0000000712400000, 0x0000000712500000, 0x0000000712500000|100%| E|CS|TAMS 0x0000000712400000, 0x0000000712400000| Complete 
| 215|0x0000000712500000, 0x0000000712600000, 0x0000000712600000|100%| E|CS|TAMS 0x0000000712500000, 0x0000000712500000| Complete 
| 216|0x0000000712600000, 0x0000000712700000, 0x0000000712700000|100%| E|CS|TAMS 0x0000000712600000, 0x0000000712600000| Complete 
| 217|0x0000000712700000, 0x0000000712800000, 0x0000000712800000|100%| E|CS|TAMS 0x0000000712700000, 0x0000000712700000| Complete 
| 218|0x0000000712800000, 0x0000000712900000, 0x0000000712900000|100%| E|CS|TAMS 0x0000000712800000, 0x0000000712800000| Complete 
| 219|0x0000000712900000, 0x0000000712a00000, 0x0000000712a00000|100%| E|CS|TAMS 0x0000000712900000, 0x0000000712900000| Complete 
| 220|0x0000000712a00000, 0x0000000712b00000, 0x0000000712b00000|100%| E|CS|TAMS 0x0000000712a00000, 0x0000000712a00000| Complete 
| 221|0x0000000712b00000, 0x0000000712c00000, 0x0000000712c00000|100%| E|CS|TAMS 0x0000000712b00000, 0x0000000712b00000| Complete 
| 222|0x0000000712c00000, 0x0000000712d00000, 0x0000000712d00000|100%| E|CS|TAMS 0x0000000712c00000, 0x0000000712c00000| Complete 
| 223|0x0000000712d00000, 0x0000000712e00000, 0x0000000712e00000|100%| E|CS|TAMS 0x0000000712d00000, 0x0000000712d00000| Complete 
| 224|0x0000000712e00000, 0x0000000712f00000, 0x0000000712f00000|100%| E|CS|TAMS 0x0000000712e00000, 0x0000000712e00000| Complete 
| 225|0x0000000712f00000, 0x0000000713000000, 0x0000000713000000|100%| E|CS|TAMS 0x0000000712f00000, 0x0000000712f00000| Complete 
| 226|0x0000000713000000, 0x0000000713100000, 0x0000000713100000|100%| E|CS|TAMS 0x0000000713000000, 0x0000000713000000| Complete 
| 227|0x0000000713100000, 0x0000000713200000, 0x0000000713200000|100%| E|CS|TAMS 0x0000000713100000, 0x0000000713100000| Complete 
| 228|0x0000000713200000, 0x0000000713300000, 0x0000000713300000|100%| E|CS|TAMS 0x0000000713200000, 0x0000000713200000| Complete 
| 229|0x0000000713300000, 0x0000000713400000, 0x0000000713400000|100%| E|CS|TAMS 0x0000000713300000, 0x0000000713300000| Complete 
| 230|0x0000000713400000, 0x0000000713500000, 0x0000000713500000|100%| E|CS|TAMS 0x0000000713400000, 0x0000000713400000| Complete 
| 231|0x0000000713500000, 0x0000000713600000, 0x0000000713600000|100%| E|CS|TAMS 0x0000000713500000, 0x0000000713500000| Complete 
| 232|0x0000000713600000, 0x0000000713700000, 0x0000000713700000|100%| E|CS|TAMS 0x0000000713600000, 0x0000000713600000| Complete 
| 233|0x0000000713700000, 0x0000000713800000, 0x0000000713800000|100%| E|CS|TAMS 0x0000000713700000, 0x0000000713700000| Complete 
| 234|0x0000000713800000, 0x0000000713900000, 0x0000000713900000|100%| E|CS|TAMS 0x0000000713800000, 0x0000000713800000| Complete 
| 235|0x0000000713900000, 0x0000000713a00000, 0x0000000713a00000|100%| E|CS|TAMS 0x0000000713900000, 0x0000000713900000| Complete 
| 236|0x0000000713a00000, 0x0000000713b00000, 0x0000000713b00000|100%| E|CS|TAMS 0x0000000713a00000, 0x0000000713a00000| Complete 
| 237|0x0000000713b00000, 0x0000000713c00000, 0x0000000713c00000|100%| E|CS|TAMS 0x0000000713b00000, 0x0000000713b00000| Complete 
| 238|0x0000000713c00000, 0x0000000713d00000, 0x0000000713d00000|100%| E|CS|TAMS 0x0000000713c00000, 0x0000000713c00000| Complete 
| 239|0x0000000713d00000, 0x0000000713e00000, 0x0000000713e00000|100%| E|CS|TAMS 0x0000000713d00000, 0x0000000713d00000| Complete 
| 240|0x0000000713e00000, 0x0000000713f00000, 0x0000000713f00000|100%| E|CS|TAMS 0x0000000713e00000, 0x0000000713e00000| Complete 
| 241|0x0000000713f00000, 0x0000000714000000, 0x0000000714000000|100%| E|CS|TAMS 0x0000000713f00000, 0x0000000713f00000| Complete 
| 242|0x0000000714000000, 0x0000000714100000, 0x0000000714100000|100%| E|CS|TAMS 0x0000000714000000, 0x0000000714000000| Complete 
| 243|0x0000000714100000, 0x0000000714200000, 0x0000000714200000|100%| E|CS|TAMS 0x0000000714100000, 0x0000000714100000| Complete 
| 244|0x0000000714200000, 0x0000000714300000, 0x0000000714300000|100%| E|CS|TAMS 0x0000000714200000, 0x0000000714200000| Complete 
| 245|0x0000000714300000, 0x0000000714400000, 0x0000000714400000|100%| E|CS|TAMS 0x0000000714300000, 0x0000000714300000| Complete 
| 246|0x0000000714400000, 0x0000000714500000, 0x0000000714500000|100%| E|CS|TAMS 0x0000000714400000, 0x0000000714400000| Complete 
| 247|0x0000000714500000, 0x0000000714600000, 0x0000000714600000|100%| E|CS|TAMS 0x0000000714500000, 0x0000000714500000| Complete 
| 248|0x0000000714600000, 0x0000000714700000, 0x0000000714700000|100%| E|CS|TAMS 0x0000000714600000, 0x0000000714600000| Complete 
| 249|0x0000000714700000, 0x0000000714800000, 0x0000000714800000|100%| E|CS|TAMS 0x0000000714700000, 0x0000000714700000| Complete 
| 250|0x0000000714800000, 0x0000000714900000, 0x0000000714900000|100%| E|CS|TAMS 0x0000000714800000, 0x0000000714800000| Complete 
| 251|0x0000000714900000, 0x0000000714a00000, 0x0000000714a00000|100%| E|CS|TAMS 0x0000000714900000, 0x0000000714900000| Complete 

Card table byte_map: [0x000001d5c54e0000,0x000001d5c5cc0000] _byte_map_base: 0x000001d5c1cb9000

Marking Bits (Prev, Next): (CMBitMap*) 0x000001d5acd6a1d8, (CMBitMap*) 0x000001d5acd6a210
 Prev Bits: [0x000001d5c64a0000, 0x000001d5ca368000)
 Next Bits: [0x000001d5ca370000, 0x000001d5ce238000)

Polling page: 0x000001d5aacd0000

Metaspace:

Usage:
  Non-class:     50.09 MB capacity,    49.70 MB (>99%) used,   302.61 KB ( <1%) free+waste,    94.94 KB ( <1%) overhead. 
      Class:      6.74 MB capacity,     6.46 MB ( 96%) used,   246.52 KB (  4%) free+waste,    42.69 KB ( <1%) overhead. 
       Both:     56.83 MB capacity,    56.16 MB ( 99%) used,   549.13 KB ( <1%) free+waste,   137.63 KB ( <1%) overhead. 

Virtual space:
  Non-class space:       52.00 MB reserved,      50.25 MB ( 97%) committed 
      Class space:        1.00 GB reserved,       6.75 MB ( <1%) committed 
             Both:        1.05 GB reserved,      57.00 MB (  5%) committed 

Chunk freelists:
   Non-Class:  37.00 KB
       Class:  6.00 KB
        Both:  43.00 KB

MaxMetaspaceSize: 17179869184.00 GB
CompressedClassSpaceSize: 1.00 GB
Initial GC threshold: 20.80 MB
Current GC threshold: 58.75 MB
CDS: off

CodeHeap 'non-profiled nmethods': size=119168Kb used=1776Kb max_used=1776Kb free=117391Kb
 bounds [0x000001d5bd010000, 0x000001d5bd280000, 0x000001d5c4470000]
CodeHeap 'profiled nmethods': size=119168Kb used=12914Kb max_used=12914Kb free=106253Kb
 bounds [0x000001d5b5bb0000, 0x000001d5b6850000, 0x000001d5bd010000]
CodeHeap 'non-nmethods': size=7424Kb used=2979Kb max_used=3020Kb free=4444Kb
 bounds [0x000001d5b5470000, 0x000001d5b5780000, 0x000001d5b5bb0000]
 total_blobs=6118 nmethods=5541 adapters=486
 compilation: enabled
              stopped_count=0, restarted_count=0
 full_count=0

Compilation events (20 events):
Event: 10.151 Thread 0x000001d5d1e5e800 nmethod 5746 0x000001d5bd1cb390 code [0x000001d5bd1cb540, 0x000001d5bd1cb5f8]
Event: 10.151 Thread 0x000001d5d1c75000 5747       2       kotlin.collections.EmptySet::iterator (7 bytes)
Event: 10.151 Thread 0x000001d5d235a000 nmethod 5745 0x000001d5b6845b10 code [0x000001d5b6845d00, 0x000001d5b6845f98]
Event: 10.152 Thread 0x000001d5d1c75000 nmethod 5747 0x000001d5b6846190 code [0x000001d5b6846340, 0x000001d5b6846438]
Event: 10.152 Thread 0x000001d5d1c75000 5748       1       org.jetbrains.kotlin.load.java.typeEnhancement.JavaTypeEnhancement$SimpleResult::getType (5 bytes)
Event: 10.152 Thread 0x000001d5d1c75000 nmethod 5748 0x000001d5bd1cb690 code [0x000001d5bd1cb840, 0x000001d5bd1cb8f8]
Event: 10.153 Thread 0x000001d5d1e3d800 5749       2       org.jetbrains.kotlin.types.DelegatingSimpleType::getConstructor (8 bytes)
Event: 10.153 Thread 0x000001d5d1e3d800 nmethod 5749 0x000001d5b6846510 code [0x000001d5b68466e0, 0x000001d5b6846818]
Event: 10.153 Thread 0x000001d5d1e5e800 5750       2       java.util.Collections$SingletonSet::iterator (8 bytes)
Event: 10.154 Thread 0x000001d5d1e5e800 nmethod 5750 0x000001d5b6846910 code [0x000001d5b6846ac0, 0x000001d5b6846c78]
Event: 10.154 Thread 0x000001d5d235a000 5751       2       org.jetbrains.kotlin.types.FlexibleType::isMarkedNullable (8 bytes)
Event: 10.154 Thread 0x000001d5d235a000 nmethod 5751 0x000001d5b6846d10 code [0x000001d5b6846ee0, 0x000001d5b6847038]
Event: 10.155 Thread 0x000001d5d1c75000 5752       1       org.jetbrains.kotlin.load.java.lazy.descriptors.LazyJavaClassDescriptor::isExpect (2 bytes)
Event: 10.155 Thread 0x000001d5d1e3d800 5753       2       org.jetbrains.kotlin.types.FlexibleType::getConstructor (8 bytes)
Event: 10.155 Thread 0x000001d5d1c75000 nmethod 5752 0x000001d5bd1cb990 code [0x000001d5bd1cbb40, 0x000001d5bd1cbbf8]
Event: 10.155 Thread 0x000001d5d1e5e800 5754       2       org.jetbrains.kotlin.types.IndexedParametersSubstitution::get (90 bytes)
Event: 10.155 Thread 0x000001d5d1e3d800 nmethod 5753 0x000001d5b6847110 code [0x000001d5b68472e0, 0x000001d5b6847418]
Event: 10.155 Thread 0x000001d5d1e3d800 5755       2       org.jetbrains.kotlin.types.typesApproximation.CapturedTypeApproximationKt$approximateCapturedTypesIfNecessary$1::invoke (9 bytes)
Event: 10.155 Thread 0x000001d5d235a000 5756       2       org.jetbrains.kotlin.types.typesApproximation.CapturedTypeApproximationKt$approximateCapturedTypesIfNecessary$1::invoke (17 bytes)
Event: 10.156 Thread 0x000001d5d1e3d800 nmethod 5755 0x000001d5b6847510 code [0x000001d5b6847720, 0x000001d5b6847ad8]

GC Heap History (10 events):
Event: 1.607 GC heap before
{Heap before GC invocations=0 (full 0):
 garbage-first heap   total 258048K, used 27648K [0x0000000704e00000, 0x0000000800000000)
  region size 1024K, 24 young (24576K), 0 survivors (0K)
 Metaspace       used 12174K, capacity 12280K, committed 12544K, reserved 1060864K
  class space    used 1124K, capacity 1175K, committed 1280K, reserved 1048576K
}
Event: 1.648 GC heap after
{Heap after GC invocations=1 (full 0):
 garbage-first heap   total 258048K, used 5741K [0x0000000704e00000, 0x0000000800000000)
  region size 1024K, 3 young (3072K), 3 survivors (3072K)
 Metaspace       used 12174K, capacity 12280K, committed 12544K, reserved 1060864K
  class space    used 1124K, capacity 1175K, committed 1280K, reserved 1048576K
}
Event: 3.343 GC heap before
{Heap before GC invocations=1 (full 0):
 garbage-first heap   total 258048K, used 42605K [0x0000000704e00000, 0x0000000800000000)
  region size 1024K, 40 young (40960K), 3 survivors (3072K)
 Metaspace       used 20949K, capacity 21138K, committed 21248K, reserved 1069056K
  class space    used 2175K, capacity 2243K, committed 2304K, reserved 1048576K
}
Event: 3.358 GC heap after
{Heap after GC invocations=2 (full 0):
 garbage-first heap   total 258048K, used 9154K [0x0000000704e00000, 0x0000000800000000)
  region size 1024K, 6 young (6144K), 6 survivors (6144K)
 Metaspace       used 20949K, capacity 21138K, committed 21248K, reserved 1069056K
  class space    used 2175K, capacity 2243K, committed 2304K, reserved 1048576K
}
Event: 5.191 GC heap before
{Heap before GC invocations=3 (full 0):
 garbage-first heap   total 258048K, used 65474K [0x0000000704e00000, 0x0000000800000000)
  region size 1024K, 56 young (57344K), 6 survivors (6144K)
 Metaspace       used 32524K, capacity 32927K, committed 33152K, reserved 1079296K
  class space    used 3986K, capacity 4182K, committed 4224K, reserved 1048576K
}
Event: 5.203 GC heap after
{Heap after GC invocations=4 (full 0):
 garbage-first heap   total 258048K, used 20789K [0x0000000704e00000, 0x0000000800000000)
  region size 1024K, 7 young (7168K), 7 survivors (7168K)
 Metaspace       used 32524K, capacity 32927K, committed 33152K, reserved 1079296K
  class space    used 3986K, capacity 4182K, committed 4224K, reserved 1048576K
}
Event: 5.610 GC heap before
{Heap before GC invocations=4 (full 0):
 garbage-first heap   total 258048K, used 33077K [0x0000000704e00000, 0x0000000800000000)
  region size 1024K, 20 young (20480K), 7 survivors (7168K)
 Metaspace       used 35364K, capacity 35786K, committed 35840K, reserved 1081344K
  class space    used 4293K, capacity 4474K, committed 4480K, reserved 1048576K
}
Event: 5.622 GC heap after
{Heap after GC invocations=5 (full 0):
 garbage-first heap   total 258048K, used 23055K [0x0000000704e00000, 0x0000000800000000)
  region size 1024K, 2 young (2048K), 2 survivors (2048K)
 Metaspace       used 35364K, capacity 35786K, committed 35840K, reserved 1081344K
  class space    used 4293K, capacity 4474K, committed 4480K, reserved 1048576K
}
Event: 7.796 GC heap before
{Heap before GC invocations=6 (full 0):
 garbage-first heap   total 258048K, used 85519K [0x0000000704e00000, 0x0000000800000000)
  region size 1024K, 62 young (63488K), 2 survivors (2048K)
 Metaspace       used 47365K, capacity 47886K, committed 48000K, reserved 1091584K
  class space    used 5488K, capacity 5725K, committed 5760K, reserved 1048576K
}
Event: 7.804 GC heap after
{Heap after GC invocations=7 (full 0):
 garbage-first heap   total 258048K, used 28922K [0x0000000704e00000, 0x0000000800000000)
  region size 1024K, 8 young (8192K), 8 survivors (8192K)
 Metaspace       used 47365K, capacity 47886K, committed 48000K, reserved 1091584K
  class space    used 5488K, capacity 5725K, committed 5760K, reserved 1048576K
}

Deoptimization events (20 events):
Event: 9.813 Thread 0x000001d5acd03800 DEOPT PACKING pc=0x000001d5bd197f98 sp=0x000000c2573facf0
Event: 9.813 Thread 0x000001d5acd03800 DEOPT UNPACKING pc=0x000001d5b54ba1af sp=0x000000c2573fac80 mode 2
Event: 9.874 Thread 0x000001d5acd03800 DEOPT PACKING pc=0x000001d5b646d4ff sp=0x000000c2573fadf0
Event: 9.874 Thread 0x000001d5acd03800 DEOPT UNPACKING pc=0x000001d5b54ba95e sp=0x000000c2573fa240 mode 0
Event: 10.054 Thread 0x000001d5acd03800 Uncommon trap: trap_request=0xffffffde fr.pc=0x000001d5bd1c585c relative=0x000000000000021c
Event: 10.054 Thread 0x000001d5acd03800 Uncommon trap: reason=class_check action=maybe_recompile pc=0x000001d5bd1c585c method=gnu.trove.TIntObjectHashMap.index(I)I @ 28 c2
Event: 10.054 Thread 0x000001d5acd03800 DEOPT PACKING pc=0x000001d5bd1c585c sp=0x000000c2573fb0f0
Event: 10.054 Thread 0x000001d5acd03800 DEOPT UNPACKING pc=0x000001d5b54ba1af sp=0x000000c2573fb058 mode 2
Event: 10.056 Thread 0x000001d5acd03800 Uncommon trap: trap_request=0xffffffde fr.pc=0x000001d5bd1c585c relative=0x000000000000021c
Event: 10.056 Thread 0x000001d5acd03800 Uncommon trap: reason=class_check action=maybe_recompile pc=0x000001d5bd1c585c method=gnu.trove.TIntObjectHashMap.index(I)I @ 28 c2
Event: 10.056 Thread 0x000001d5acd03800 DEOPT PACKING pc=0x000001d5bd1c585c sp=0x000000c2573fb010
Event: 10.056 Thread 0x000001d5acd03800 DEOPT UNPACKING pc=0x000001d5b54ba1af sp=0x000000c2573faf78 mode 2
Event: 10.057 Thread 0x000001d5acd03800 Uncommon trap: trap_request=0xffffffde fr.pc=0x000001d5bd1c585c relative=0x000000000000021c
Event: 10.057 Thread 0x000001d5acd03800 Uncommon trap: reason=class_check action=maybe_recompile pc=0x000001d5bd1c585c method=gnu.trove.TIntObjectHashMap.index(I)I @ 28 c2
Event: 10.057 Thread 0x000001d5acd03800 DEOPT PACKING pc=0x000001d5bd1c585c sp=0x000000c2573fb180
Event: 10.057 Thread 0x000001d5acd03800 DEOPT UNPACKING pc=0x000001d5b54ba1af sp=0x000000c2573fb0e8 mode 2
Event: 10.057 Thread 0x000001d5acd03800 Uncommon trap: trap_request=0xffffffde fr.pc=0x000001d5bd1c585c relative=0x000000000000021c
Event: 10.057 Thread 0x000001d5acd03800 Uncommon trap: reason=class_check action=maybe_recompile pc=0x000001d5bd1c585c method=gnu.trove.TIntObjectHashMap.index(I)I @ 28 c2
Event: 10.057 Thread 0x000001d5acd03800 DEOPT PACKING pc=0x000001d5bd1c585c sp=0x000000c2573fb0f0
Event: 10.057 Thread 0x000001d5acd03800 DEOPT UNPACKING pc=0x000001d5b54ba1af sp=0x000000c2573fb058 mode 2

Classes redefined (0 events):
No events

Internal exceptions (20 events):
Event: 3.937 Thread 0x000001d5acd03800 Exception <a 'sun/nio/fs/WindowsException'{0x00000007139dab20}> (0x00000007139dab20) thrown at [s\src\hotspot\share\prims\jni.cpp, line 617]
Event: 3.937 Thread 0x000001d5acd03800 Exception <a 'sun/nio/fs/WindowsException'{0x00000007139db538}> (0x00000007139db538) thrown at [s\src\hotspot\share\prims\jni.cpp, line 617]
Event: 3.937 Thread 0x000001d5acd03800 Exception <a 'sun/nio/fs/WindowsException'{0x00000007139dbe50}> (0x00000007139dbe50) thrown at [s\src\hotspot\share\prims\jni.cpp, line 617]
Event: 3.938 Thread 0x000001d5acd03800 Exception <a 'sun/nio/fs/WindowsException'{0x00000007139dc798}> (0x00000007139dc798) thrown at [s\src\hotspot\share\prims\jni.cpp, line 617]
Event: 3.941 Thread 0x000001d5acd03800 Exception <a 'java/lang/NoSuchMethodError'{0x00000007139e31a0}: 'void java.lang.invoke.DirectMethodHandle$Holder.invokeStatic(java.lang.Object, java.lang.Object, java.lang.Object, java.lang.Object)'> (0x00000007139e31a0) thrown at [s\src\hotspot\share\interpreter\linkResolver.cpp, line 773]
Event: 4.067 Thread 0x000001d5acd03800 Exception <a 'java/lang/NoSuchMethodError'{0x00000007135c87f0}: 'void java.lang.invoke.DirectMethodHandle$Holder.invokeStaticInit(java.lang.Object, java.lang.Object)'> (0x00000007135c87f0) thrown at [s\src\hotspot\share\interpreter\linkResolver.cpp, line 773]
Event: 4.206 Thread 0x000001d5acd03800 Exception <a 'java/lang/NoSuchMethodError'{0x00000007131eb050}: 'void java.lang.invoke.DirectMethodHandle$Holder.invokeVirtual(java.lang.Object, java.lang.Object)'> (0x00000007131eb050) thrown at [s\src\hotspot\share\interpreter\linkResolver.cpp, line 773]
Event: 4.222 Thread 0x000001d5acd03800 Exception <a 'java/lang/NoSuchMethodError'{0x000000071306acb0}: 'int java.lang.invoke.DirectMethodHandle$Holder.invokeVirtual(java.lang.Object, java.lang.Object)'> (0x000000071306acb0) thrown at [s\src\hotspot\share\interpreter\linkResolver.cpp, line 773]
Event: 5.581 Thread 0x000001d5acd03800 Exception <a 'java/lang/NoSuchMethodError'{0x0000000713fea3f8}: 'java.lang.Object java.lang.invoke.DirectMethodHandle$Holder.invokeVirtual(java.lang.Object, java.lang.Object, java.lang.Object)'> (0x0000000713fea3f8) thrown at [s\src\hotspot\share\interpreter\linkResolver.cpp, line 773]
Event: 6.955 Thread 0x000001d5acd03800 Exception <a 'java/lang/NoSuchMethodError'{0x0000000711f1fd40}: 'java.lang.Object java.lang.invoke.Invokers$Holder.linkToTargetMethod(java.lang.Object, int, java.lang.Object)'> (0x0000000711f1fd40) thrown at [s\src\hotspot\share\interpreter\linkResolver.cpp, line 773]
Event: 7.356 Thread 0x000001d5acd03800 Exception <a 'java/lang/NoSuchMethodError'{0x00000007118e7fe0}: 'java.lang.Object java.lang.invoke.DirectMethodHandle$Holder.invokeStatic(java.lang.Object, java.lang.Object, java.lang.Object, int)'> (0x00000007118e7fe0) thrown at [s\src\hotspot\share\interpreter\linkResolver.cpp, line 773]
Event: 7.357 Thread 0x000001d5acd03800 Exception <a 'java/lang/NoSuchMethodError'{0x00000007118ebc50}: 'java.lang.Object java.lang.invoke.DirectMethodHandle$Holder.invokeSpecial(java.lang.Object, java.lang.Object, java.lang.Object, java.lang.Object, int)'> (0x00000007118ebc50) thrown at [s\src\hotspot\share\interpreter\linkResolver.cpp, line 773]
Event: 7.357 Thread 0x000001d5acd03800 Exception <a 'java/lang/NoSuchMethodError'{0x00000007118eef60}: 'java.lang.Object java.lang.invoke.Invokers$Holder.linkToTargetMethod(java.lang.Object, java.lang.Object, int, java.lang.Object)'> (0x00000007118eef60) thrown at [s\src\hotspot\share\interpreter\linkResolver.cpp, line 773]
Event: 8.511 Thread 0x000001d5acd03800 Exception <a 'java/lang/NoSuchMethodError'{0x00000007122b4620}: 'java.lang.Object java.lang.invoke.DirectMethodHandle$Holder.invokeSpecial(java.lang.Object, java.lang.Object, java.lang.Object, java.lang.Object, java.lang.Object, java.lang.Object, java.lang.Object, java.lang.Object, java.lang.Object)'> (0x00000007122b4620) thrown at [s\src\hotspot\share\interpreter\linkResolver.cpp, line 773]
Event: 8.511 Thread 0x000001d5acd03800 Exception <a 'java/lang/NoSuchMethodError'{0x00000007122b8818}: 'java.lang.Object java.lang.invoke.Invokers$Holder.linkToTargetMethod(java.lang.Object, java.lang.Object, java.lang.Object, java.lang.Object, java.lang.Object, java.lang.Object, java.lang.Object, java.lang.Object)'> (0x00000007122b8818) thrown at [s\src\hotspot\share\interpreter\linkResolver.cpp, line 773]
Event: 8.580 Thread 0x000001d5acd03800 Exception <a 'java/lang/NoSuchMethodError'{0x0000000712051558}: 'java.lang.Object java.lang.invoke.Invokers$Holder.linkToTargetMethod(java.lang.Object, java.lang.Object, java.lang.Object, java.lang.Object, java.lang.Object, java.lang.Object)'> (0x0000000712051558) thrown at [s\src\hotspot\share\interpreter\linkResolver.cpp, line 773]
Event: 8.686 Thread 0x000001d5acd03800 Implicit null exception at 0x000001d5bd0b66f5 to 0x000001d5bd0b68e0
Event: 8.813 Thread 0x000001d5acd03800 Implicit null exception at 0x000001d5bd11e3c3 to 0x000001d5bd11e548
Event: 8.813 Thread 0x000001d5acd03800 Implicit null exception at 0x000001d5bd06b2f8 to 0x000001d5bd06b38a
Event: 9.744 Thread 0x000001d5acd03800 Implicit null exception at 0x000001d5bd195fdc to 0x000001d5bd196558

Events (20 events):
Event: 10.132 loading class org/jetbrains/kotlin/com/intellij/psi/impl/source/PsiExtensibleClass
Event: 10.132 loading class org/jetbrains/kotlin/com/intellij/psi/impl/source/PsiExtensibleClass done
Event: 10.132 loading class org/jetbrains/kotlin/com/intellij/psi/impl/source/ClassInnerStuffCache
Event: 10.132 loading class org/jetbrains/kotlin/com/intellij/psi/impl/source/ClassInnerStuffCache done
Event: 10.132 loading class org/jetbrains/kotlin/com/intellij/psi/PsiRecordComponent
Event: 10.132 loading class org/jetbrains/kotlin/com/intellij/psi/PsiRecordComponent done
Event: 10.132 loading class org/jetbrains/kotlin/com/intellij/psi/PsiRecordComponent
Event: 10.132 loading class org/jetbrains/kotlin/com/intellij/psi/PsiRecordComponent done
Event: 10.132 loading class org/jetbrains/kotlin/com/intellij/util/ArrayFactory
Event: 10.132 loading class org/jetbrains/kotlin/com/intellij/util/ArrayFactory done
Event: 10.133 loading class org/jetbrains/kotlin/com/intellij/psi/impl/source/PsiExtensibleClass
Event: 10.133 loading class org/jetbrains/kotlin/com/intellij/psi/impl/source/PsiExtensibleClass done
Event: 10.134 loading class org/jetbrains/kotlin/com/intellij/psi/impl/source/PsiExtensibleClass
Event: 10.134 loading class org/jetbrains/kotlin/com/intellij/psi/impl/source/PsiExtensibleClass done
Event: 10.134 loading class org/jetbrains/kotlin/com/intellij/psi/impl/source/ClassInnerStuffCache
Event: 10.134 loading class org/jetbrains/kotlin/com/intellij/psi/impl/source/ClassInnerStuffCache done
Event: 10.143 loading class org/jetbrains/kotlin/load/kotlin/JvmTypeFactoryImpl$WhenMappings
Event: 10.143 loading class org/jetbrains/kotlin/load/kotlin/JvmTypeFactoryImpl$WhenMappings done
Event: 10.153 loading class org/jetbrains/kotlin/resolve/OverridingUtil$3
Event: 10.153 loading class org/jetbrains/kotlin/resolve/OverridingUtil$3 done


Dynamic libraries:
0x00007ff700be0000 - 0x00007ff700bed000 	C:\Program Files\Microsoft\jdk-11.0.20.8-hotspot\bin\java.exe
0x00007ffab2df0000 - 0x00007ffab3007000 	C:\WINDOWS\SYSTEM32\ntdll.dll
0x00007ffab1680000 - 0x00007ffab1744000 	C:\WINDOWS\System32\KERNEL32.DLL
0x00007ffab0100000 - 0x00007ffab04a6000 	C:\WINDOWS\System32\KERNELBASE.dll
0x00007ffab0750000 - 0x00007ffab0861000 	C:\WINDOWS\System32\ucrtbase.dll
0x00007ffaa7650000 - 0x00007ffaa7667000 	C:\Program Files\Microsoft\jdk-11.0.20.8-hotspot\bin\jli.dll
0x00007ffaab200000 - 0x00007ffaab215000 	C:\Program Files\Microsoft\jdk-11.0.20.8-hotspot\bin\VCRUNTIME140.dll
0x00007ffab2a80000 - 0x00007ffab2c2e000 	C:\WINDOWS\System32\USER32.dll
0x00007ffaa04f0000 - 0x00007ffaa0783000 	C:\WINDOWS\WinSxS\amd64_microsoft.windows.common-controls_6595b64144ccf1df_6.0.22621.2506_none_270c5ae97388e100\COMCTL32.dll
0x00007ffab0870000 - 0x00007ffab0896000 	C:\WINDOWS\System32\win32u.dll
0x00007ffab1140000 - 0x00007ffab11e7000 	C:\WINDOWS\System32\msvcrt.dll
0x00007ffab2140000 - 0x00007ffab2169000 	C:\WINDOWS\System32\GDI32.dll
0x00007ffab09c0000 - 0x00007ffab0ad8000 	C:\WINDOWS\System32\gdi32full.dll
0x00007ffab0920000 - 0x00007ffab09ba000 	C:\WINDOWS\System32\msvcp_win.dll
0x00007ffab2c60000 - 0x00007ffab2c91000 	C:\WINDOWS\System32\IMM32.DLL
0x00007ffa6e5e0000 - 0x00007ffa6e67b000 	C:\Program Files\Microsoft\jdk-11.0.20.8-hotspot\bin\msvcp140.dll
0x00007ffa0ec10000 - 0x00007ffa0f7a6000 	C:\Program Files\Microsoft\jdk-11.0.20.8-hotspot\bin\server\jvm.dll
0x00007ffab1000000 - 0x00007ffab10b3000 	C:\WINDOWS\System32\ADVAPI32.dll
0x00007ffab2170000 - 0x00007ffab2218000 	C:\WINDOWS\System32\sechost.dll
0x00007ffab0ae0000 - 0x00007ffab0b08000 	C:\WINDOWS\System32\bcrypt.dll
0x00007ffab1450000 - 0x00007ffab1567000 	C:\WINDOWS\System32\RPCRT4.dll
0x00007ffab1670000 - 0x00007ffab1678000 	C:\WINDOWS\System32\PSAPI.DLL
0x00007ffa9b5e0000 - 0x00007ffa9b5e9000 	C:\WINDOWS\SYSTEM32\WSOCK32.dll
0x00007ffab10c0000 - 0x00007ffab1131000 	C:\WINDOWS\System32\WS2_32.dll
0x00007ffaa8670000 - 0x00007ffaa86a4000 	C:\WINDOWS\SYSTEM32\WINMM.dll
0x00007ffaa6660000 - 0x00007ffaa666a000 	C:\WINDOWS\SYSTEM32\VERSION.dll
0x00007ffaaf140000 - 0x00007ffaaf158000 	C:\WINDOWS\SYSTEM32\kernel.appcore.dll
0x00007ffaade80000 - 0x00007ffaade90000 	C:\Program Files\Microsoft\jdk-11.0.20.8-hotspot\bin\verify.dll
0x00007ffaad980000 - 0x00007ffaadbb3000 	C:\WINDOWS\SYSTEM32\DBGHELP.DLL
0x00007ffab2280000 - 0x00007ffab2609000 	C:\WINDOWS\System32\combase.dll
0x00007ffab2ca0000 - 0x00007ffab2d77000 	C:\WINDOWS\System32\OLEAUT32.dll
0x00007ffaa6e30000 - 0x00007ffaa6e62000 	C:\WINDOWS\SYSTEM32\dbgcore.DLL
0x00007ffab08a0000 - 0x00007ffab091a000 	C:\WINDOWS\System32\bcryptPrimitives.dll
0x00007ffa84700000 - 0x00007ffa84728000 	C:\Program Files\Microsoft\jdk-11.0.20.8-hotspot\bin\java.dll
0x00007ffaade20000 - 0x00007ffaade2a000 	C:\Program Files\Microsoft\jdk-11.0.20.8-hotspot\bin\jimage.dll
0x00007ffa839b0000 - 0x00007ffa839c8000 	C:\Program Files\Microsoft\jdk-11.0.20.8-hotspot\bin\zip.dll
0x00007ffab17e0000 - 0x00007ffab203b000 	C:\WINDOWS\System32\SHELL32.dll
0x00007ffaae060000 - 0x00007ffaae956000 	C:\WINDOWS\SYSTEM32\windows.storage.dll
0x00007ffaadf20000 - 0x00007ffaae05e000 	C:\WINDOWS\SYSTEM32\wintypes.dll
0x00007ffab1570000 - 0x00007ffab1663000 	C:\WINDOWS\System32\SHCORE.dll
0x00007ffab0fa0000 - 0x00007ffab0ffe000 	C:\WINDOWS\System32\shlwapi.dll
0x00007ffab0030000 - 0x00007ffab0056000 	C:\WINDOWS\SYSTEM32\profapi.dll
0x00007ffa82a50000 - 0x00007ffa82a69000 	C:\Program Files\Microsoft\jdk-11.0.20.8-hotspot\bin\net.dll
0x00007ffaaab90000 - 0x00007ffaaacc7000 	C:\WINDOWS\SYSTEM32\WINHTTP.dll
0x00007ffaaf5c0000 - 0x00007ffaaf629000 	C:\WINDOWS\system32\mswsock.dll
0x00007ffa81a80000 - 0x00007ffa81a93000 	C:\Program Files\Microsoft\jdk-11.0.20.8-hotspot\bin\nio.dll

dbghelp: loaded successfully - version: 4.0.5 - missing functions: none
symbol engine: initialized successfully - sym options: 0x614 - pdb path: .;C:\Program Files\Microsoft\jdk-11.0.20.8-hotspot\bin;C:\WINDOWS\SYSTEM32;C:\WINDOWS\WinSxS\amd64_microsoft.windows.common-controls_6595b64144ccf1df_6.0.22621.2506_none_270c5ae97388e100;C:\Program Files\Microsoft\jdk-11.0.20.8-hotspot\bin\server

VM Arguments:
java_command: org.jetbrains.kotlin.cli.jvm.K2JVMCompiler @E:\Itero\cubbie_lightmanager_migration\node_modules\react-native-gesture-handler\android\build\20240319_16899975068500679021.compiler.options
java_class_path (initial): C:\Users\Techbumbles\.gradle\caches\modules-2\files-2.1\org.jetbrains.kotlin\kotlin-compiler-embeddable\1.6.21\97bdd5a752ce73b58ef16c17bc7f0ea2faff7a2e\kotlin-compiler-embeddable-1.6.21.jar;C:\Users\Techbumbles\.gradle\caches\modules-2\files-2.1\org.jetbrains.kotlin\kotlin-reflect\1.6.21\5dc3574d9b7bebfcb4ec6b10ada4aaa9e140bd0b\kotlin-reflect-1.6.21.jar;C:\Users\Techbumbles\.gradle\caches\modules-2\files-2.1\org.jetbrains.kotlin\kotlin-stdlib\1.6.21\11ef67f1900634fd951bad28c53ec957fabbe5b8\kotlin-stdlib-1.6.21.jar;C:\Users\Techbumbles\.gradle\caches\modules-2\files-2.1\org.jetbrains.kotlin\kotlin-script-runtime\1.6.21\99c6675100da5d6d5b1c5a1032f27f28008d101b\kotlin-script-runtime-1.6.21.jar;C:\Users\Techbumbles\.gradle\caches\modules-2\files-2.1\org.jetbrains.kotlin\kotlin-daemon-embeddable\1.6.21\46b78cf392e1c4f10854c3cadba44abb7b82250f\kotlin-daemon-embeddable-1.6.21.jar;C:\Users\Techbumbles\.gradle\caches\modules-2\files-2.1\org.jetbrains.intellij.deps\trove4j\1.0.20200330\3afb14d5f9ceb459d724e907a21145e8ff394f02\trove4j-1.0.20200330.jar;C:\Users\Techbumbles\.gradle\caches\modules-2\files-2.1\net.java.dev.jna\jna\5.6.0\330f2244e9030119ab3030fc3fededc86713d9cc\jna-5.6.0.jar;C:\Users\Techbumbles\.gradle\caches\modules-2\files-2.1\org.jetbrains.kotlin\kotlin-stdlib-common\1.6.21\5e5b55c26dbc80372a920aef60eb774b714559b8\kotlin-stdlib-common-1.6.21.jar;C:\Users\Techbumbles\.gradle\caches\modules-2\files-2.1\org.jetbrains\annotations\13.0\919f0dfe192fb4e063e7dacadee7f8bb9a2672a9\annotations-13.0.jar
Launcher Type: SUN_STANDARD

[Global flags]
     intx CICompilerCount                          = 12                                        {product} {ergonomic}
     uint ConcGCThreads                            = 3                                         {product} {ergonomic}
     uint G1ConcRefinementThreads                  = 13                                        {product} {ergonomic}
   size_t G1HeapRegionSize                         = 1048576                                   {product} {ergonomic}
    uintx GCDrainStackTargetSize                   = 64                                        {product} {ergonomic}
   size_t InitialHeapSize                          = 264241152                                 {product} {ergonomic}
   size_t MarkStackSize                            = 4194304                                   {product} {ergonomic}
   size_t MaxHeapSize                              = 4213178368                                {product} {ergonomic}
   size_t MaxNewSize                               = 2527068160                                {product} {ergonomic}
   size_t MinHeapDeltaBytes                        = 1048576                                   {product} {ergonomic}
    uintx NonNMethodCodeHeapSize                   = 7594288                                {pd product} {ergonomic}
    uintx NonProfiledCodeHeapSize                  = 122031976                              {pd product} {ergonomic}
    uintx ProfiledCodeHeapSize                     = 122031976                              {pd product} {ergonomic}
    uintx ReservedCodeCacheSize                    = 251658240                              {pd product} {ergonomic}
     bool SegmentedCodeCache                       = true                                      {product} {ergonomic}
     bool UseCompressedClassPointers               = true                                 {lp64_product} {ergonomic}
     bool UseCompressedOops                        = true                                 {lp64_product} {ergonomic}
     bool UseG1GC                                  = true                                      {product} {ergonomic}
     bool UseLargePagesIndividualAllocation        = false                                  {pd product} {ergonomic}

Logging:
Log output configuration:
 #0: stdout all=warning uptime,level,tags
 #1: stderr all=off uptime,level,tags

Environment Variables:
JAVA_HOME=C:\Program Files\Microsoft\jdk-11.0.20.8-hotspot\
CLASSPATH=E:\Itero\cubbie_lightmanager_migration\android\\gradle\wrapper\gradle-wrapper.jar
PATH=E:\Itero\cubbie_lightmanager_migration\node_modules\.bin;E:\Itero\node_modules\.bin;E:\node_modules\.bin;C:\Program Files\nodejs\node_modules\npm\node_modules\@npmcli\run-script\lib\node-gyp-bin;C:\Python312\Scripts\;C:\Python312\;C:\Program Files\Microsoft\jdk-11.0.20.8-hotspot\bin;C:\Program Files\Common Files\Oracle\Java\javapath;C:\WINDOWS\system32;C:\WINDOWS;C:\WINDOWS\System32\Wbem;C:\WINDOWS\System32\WindowsPowerShell\v1.0\;C:\WINDOWS\System32\OpenSSH\;C:\Program Files\Amazon\AWSCLIV2\;C:\elastic_stack\elasticsearch-8.5.3\bin;C:\elastic_stack\kibana-8.5.3\bin;C:\mongosh-1.7.1-win32-x64\mongosh-1.7.1-win32-x64\bin;C:\Program Files\MongoDB\Server\6.0\bin;C:\Program Files\Microsoft\jdk-11.0.20.8-hotspot\\bin;C:\Tools\sonar-scanner-cli-4.8.0.2856-windows\sonar-scanner-4.8.0.2856-windows\bin;C:\ProgramData\chocolatey\bin;C:\Program Files\Microsoft SQL Server\150\Tools\Binn\;C:\Program Files\nodejs\;C:\Program Files\Git\cmd;C:\Users\Techbumbles\AppData\Local\Android\Sdk\platform-tools;C:\Users\Techbumbles\AppData\Local\Android\Sdk\tools;C:\Users\Techbumbles\AppData\Local\Android\Sdk\tools;C:\Users\Techbumbles\AppData\Local\Microsoft\WindowsApps;C:\Users\Techbumbles\AppData\Local\GitHubDesktop\bin;C:\Users\Techbumbles\AppData\Local\Android\Sdk\platform-tools;C:\Users\Techbumbles\AppData\Roaming\npm;C:\Users\Techbumbles\AppData\Local\Programs\Microsoft VS Code\bin
USERNAME=Techbumbles
LANG=en_US.UTF-8
OS=Windows_NT
PROCESSOR_IDENTIFIER=Intel64 Family 6 Model 154 Stepping 3, GenuineIntel
TMP=C:\Users\TECHBU~1\AppData\Local\Temp
TEMP=C:\Users\TECHBU~1\AppData\Local\Temp



---------------  S Y S T E M  ---------------

OS: Windows 11 , 64 bit Build 22621 (10.0.22621.3085)
OS uptime: 6 days 0:59 hours

CPU:total 16 (initial active 16) (16 cores per cpu, 1 threads per core) family 6 model 154 stepping 3 microcode 0x429, cmov, cx8, fxsr, mmx, sse, sse2, sse3, ssse3, sse4.1, sse4.2, popcnt, avx, avx2, aes, clmul, erms, 3dnowpref, lzcnt, tsc, tscinvbit, bmi1, bmi2, adx, sha, fma

Memory: 4k page, system-wide physical 16067M (162M free)
TotalPageFile size 41067M (AvailPageFile size 22M)
current process WorkingSet (physical memory assigned to process): 260M, peak: 262M
current process commit charge ("private bytes"): 464M, peak: 467M

vm_info: OpenJDK 64-Bit Server VM (11.0.20+8-LTS) for windows-amd64 JRE (11.0.20+8-LTS), built on Jul  7 2023 17:05:21 by "MicrosoftCorporation" with MS VC++ 15.9 (VS2017)

END.
