#
# There is insufficient memory for the Java Runtime Environment to continue.
# Native memory allocation (malloc) failed to allocate 1184656 bytes for Chunk::new
# Possible reasons:
#   The system is out of physical RAM or swap space
#   The process is running with CompressedOops enabled, and the Java Heap may be blocking the growth of the native heap
# Possible solutions:
#   Reduce memory load on the system
#   Increase physical memory or swap space
#   Check if swap backing store is full
#   Decrease Java heap size (-Xmx/-Xms)
#   Decrease number of Java threads
#   Decrease Java thread stack sizes (-Xss)
#   Set larger code cache with -XX:ReservedCodeCacheSize=
#   JVM is running with Unscaled Compressed Oops mode in which the Java heap is
#     placed in the first 4GB address space. The Java Heap base address is the
#     maximum limit for the native heap growth. Please use -XX:HeapBaseMinAddress
#     to set the Java Heap base and to place the Java Heap above 4GB virtual address.
# This output file may be truncated or incomplete.
#
#  Out of Memory Error (arena.cpp:197), pid=39072, tid=13036
#
# JRE version: OpenJDK Runtime Environment Microsoft-8035250 (11.0.20+8) (build 11.0.20+8-LTS)
# Java VM: OpenJDK 64-Bit Server VM Microsoft-8035250 (11.0.20+8-LTS, mixed mode, tiered, compressed oops, g1 gc, windows-amd64)
# No core dump will be written. Minidumps are not enabled by default on client versions of Windows
#

---------------  S U M M A R Y ------------

Command Line: -XX:MaxMetaspaceSize=512m --add-opens=java.base/java.util=ALL-UNNAMED --add-opens=java.base/java.lang=ALL-UNNAMED --add-opens=java.base/java.lang.invoke=ALL-UNNAMED --add-opens=java.prefs/java.util.prefs=ALL-UNNAMED --add-opens=java.base/java.nio.charset=ALL-UNNAMED --add-opens=java.base/java.net=ALL-UNNAMED --add-opens=java.base/java.util.concurrent.atomic=ALL-UNNAMED -Xmx2048m -Dfile.encoding=windows-1252 -Duser.country=GB -Duser.language=en -Duser.variant org.gradle.launcher.daemon.bootstrap.GradleDaemon 8.0.1

Host: 12th Gen Intel(R) Core(TM) i5-1240P, 16 cores, 15G,  Windows 11 , 64 bit Build 22621 (10.0.22621.3085)
Time: Tue Mar 19 18:12:52 2024 India Standard Time elapsed time: 4.174797 seconds (0d 0h 0m 4s)

---------------  T H R E A D  ---------------

Current thread (0x00000218fde06800):  JavaThread "C2 CompilerThread0" daemon [_thread_in_native, id=13036, stack(0x0000007107e00000,0x0000007107f00000)]


Current CompileTask:
C2:   4174 2289   !   4       java.lang.ClassLoader::loadClass (122 bytes)

Stack: [0x0000007107e00000,0x0000007107f00000]
Native frames: (J=compiled Java code, j=interpreted, Vv=VM code, C=native code)
V  [jvm.dll+0x62e9da]
V  [jvm.dll+0x7bc4e9]
V  [jvm.dll+0x7bdbd8]
V  [jvm.dll+0x7be2b3]
V  [jvm.dll+0x2505a8]
V  [jvm.dll+0xc263c]
V  [jvm.dll+0xc2bfc]
V  [jvm.dll+0x35fdc7]
V  [jvm.dll+0x19f009]
V  [jvm.dll+0x2098c5]
V  [jvm.dll+0x20893d]
V  [jvm.dll+0x18a7de]
V  [jvm.dll+0x2181ec]
V  [jvm.dll+0x21642b]
V  [jvm.dll+0x77efc0]
V  [jvm.dll+0x777db4]
V  [jvm.dll+0x62d845]
C  [ucrtbase.dll+0x29363]
C  [KERNEL32.DLL+0x1257d]
C  [ntdll.dll+0x5aa58]


---------------  P R O C E S S  ---------------

Threads class SMR info:
_java_thread_list=0x0000021890627b70, length=26, elements={
0x00000218ec8d2800, 0x00000218fdda1000, 0x00000218fddab800, 0x00000218fde03000,
0x00000218fde04000, 0x00000218fde05000, 0x00000218fde06800, 0x00000218fde09800,
0x00000218fde0c000, 0x00000218fd53b800, 0x00000218fdf83000, 0x00000218ff4a1800,
0x00000218ff258000, 0x00000218ff75c000, 0x00000218fe0f2000, 0x00000218ff0b7800,
0x00000218ff7dc800, 0x000002188ffc8800, 0x00000218ff045800, 0x000002188f295800,
0x00000218ff4ee800, 0x00000218fef62000, 0x000002188fd1a000, 0x000002188ff84000,
0x000002188ff87000, 0x000002188ff82800
}

Java Threads: ( => current thread )
  0x00000218ec8d2800 JavaThread "main" [_thread_blocked, id=39004, stack(0x0000007107200000,0x0000007107300000)]
  0x00000218fdda1000 JavaThread "Reference Handler" daemon [_thread_blocked, id=43712, stack(0x0000007107900000,0x0000007107a00000)]
  0x00000218fddab800 JavaThread "Finalizer" daemon [_thread_blocked, id=13328, stack(0x0000007107a00000,0x0000007107b00000)]
  0x00000218fde03000 JavaThread "Signal Dispatcher" daemon [_thread_blocked, id=26256, stack(0x0000007107b00000,0x0000007107c00000)]
  0x00000218fde04000 JavaThread "Attach Listener" daemon [_thread_blocked, id=41488, stack(0x0000007107c00000,0x0000007107d00000)]
  0x00000218fde05000 JavaThread "Service Thread" daemon [_thread_blocked, id=38276, stack(0x0000007107d00000,0x0000007107e00000)]
=>0x00000218fde06800 JavaThread "C2 CompilerThread0" daemon [_thread_in_native, id=13036, stack(0x0000007107e00000,0x0000007107f00000)]
  0x00000218fde09800 JavaThread "C1 CompilerThread0" daemon [_thread_blocked, id=26776, stack(0x0000007107f00000,0x0000007108000000)]
  0x00000218fde0c000 JavaThread "Sweeper thread" daemon [_thread_blocked, id=32904, stack(0x0000007108000000,0x0000007108100000)]
  0x00000218fd53b800 JavaThread "C1 CompilerThread1" daemon [_thread_blocked, id=38264, stack(0x0000007108100000,0x0000007108200000)]
  0x00000218fdf83000 JavaThread "Common-Cleaner" daemon [_thread_blocked, id=2732, stack(0x0000007108200000,0x0000007108300000)]
  0x00000218ff4a1800 JavaThread "C1 CompilerThread2" daemon [_thread_in_native, id=20312, stack(0x0000007108500000,0x0000007108600000)]
  0x00000218ff258000 JavaThread "C1 CompilerThread3" daemon [_thread_blocked, id=14068, stack(0x0000007108b00000,0x0000007108c00000)]
  0x00000218ff75c000 JavaThread "Daemon health stats" [_thread_blocked, id=13220, stack(0x0000007108c00000,0x0000007108d00000)]
  0x00000218fe0f2000 JavaThread "Incoming local TCP Connector on port 61793" [_thread_in_native, id=39716, stack(0x0000007108400000,0x0000007108500000)]
  0x00000218ff0b7800 JavaThread "Daemon periodic checks" [_thread_blocked, id=2852, stack(0x0000007108d00000,0x0000007108e00000)]
  0x00000218ff7dc800 JavaThread "Daemon" [_thread_blocked, id=27152, stack(0x0000007108e00000,0x0000007108f00000)]
  0x000002188ffc8800 JavaThread "Handler for socket connection from /127.0.0.1:61793 to /127.0.0.1:61794" [_thread_in_native, id=9260, stack(0x0000007108f00000,0x0000007109000000)]
  0x00000218ff045800 JavaThread "Cancel handler" [_thread_blocked, id=40100, stack(0x0000007109000000,0x0000007109100000)]
  0x000002188f295800 JavaThread "Daemon worker" [_thread_in_Java, id=40328, stack(0x0000007109100000,0x0000007109200000)]
  0x00000218ff4ee800 JavaThread "Asynchronous log dispatcher for DefaultDaemonConnection: socket connection from /127.0.0.1:61793 to /127.0.0.1:61794" [_thread_blocked, id=40664, stack(0x0000007109200000,0x0000007109300000)]
  0x00000218fef62000 JavaThread "Stdin handler" [_thread_blocked, id=40752, stack(0x0000007109300000,0x0000007109400000)]
  0x000002188fd1a000 JavaThread "Daemon client event forwarder" [_thread_blocked, id=40844, stack(0x0000007109400000,0x0000007109500000)]
  0x000002188ff84000 JavaThread "Cache worker for journal cache (C:\Users\Techbumbles\.gradle\caches\journal-1)" [_thread_blocked, id=39708, stack(0x0000007109e00000,0x0000007109f00000)]
  0x000002188ff87000 JavaThread "File lock request listener" [_thread_in_native, id=28524, stack(0x0000007109f00000,0x000000710a000000)]
  0x000002188ff82800 JavaThread "Cache worker for file hash cache (C:\Users\Techbumbles\.gradle\caches\8.0.1\fileHashes)" [_thread_blocked, id=24096, stack(0x000000710a000000,0x000000710a100000)]

Other Threads:
  0x00000218fdd9b000 VMThread "VM Thread" [stack: 0x0000007107800000,0x0000007107900000] [id=6664]
  0x00000218fdfab000 WatcherThread [stack: 0x0000007108300000,0x0000007108400000] [id=29356]
  0x00000218ec8ee000 GCTaskThread "GC Thread#0" [stack: 0x0000007107300000,0x0000007107400000] [id=38124]
  0x00000218fecc2000 GCTaskThread "GC Thread#1" [stack: 0x0000007108600000,0x0000007108700000] [id=37040]
  0x00000218ff0d2000 GCTaskThread "GC Thread#2" [stack: 0x0000007108700000,0x0000007108800000] [id=22388]
  0x00000218ff3f0800 GCTaskThread "GC Thread#3" [stack: 0x0000007108800000,0x0000007108900000] [id=10044]
  0x00000218ff3e7800 GCTaskThread "GC Thread#4" [stack: 0x0000007108900000,0x0000007108a00000] [id=37868]
  0x00000218ff348000 GCTaskThread "GC Thread#5" [stack: 0x0000007108a00000,0x0000007108b00000] [id=7432]
  0x00000218ff934800 GCTaskThread "GC Thread#6" [stack: 0x0000007109500000,0x0000007109600000] [id=10036]
  0x000002188f1e5000 GCTaskThread "GC Thread#7" [stack: 0x0000007109600000,0x0000007109700000] [id=14892]
  0x000002188ffbe800 GCTaskThread "GC Thread#8" [stack: 0x0000007109700000,0x0000007109800000] [id=42504]
  0x000002188f880000 GCTaskThread "GC Thread#9" [stack: 0x0000007109800000,0x0000007109900000] [id=29920]
  0x00000218ff78e800 GCTaskThread "GC Thread#10" [stack: 0x0000007109900000,0x0000007109a00000] [id=28468]
  0x00000218fefa2800 GCTaskThread "GC Thread#11" [stack: 0x0000007109a00000,0x0000007109b00000] [id=24120]
  0x00000218ff118000 GCTaskThread "GC Thread#12" [stack: 0x0000007109b00000,0x0000007109c00000] [id=39472]
  0x00000218ec920800 ConcurrentGCThread "G1 Main Marker" [stack: 0x0000007107400000,0x0000007107500000] [id=5184]
  0x00000218ec922000 ConcurrentGCThread "G1 Conc#0" [stack: 0x0000007107500000,0x0000007107600000] [id=38132]
  0x000002188f653800 ConcurrentGCThread "G1 Conc#1" [stack: 0x0000007109c00000,0x0000007109d00000] [id=37800]
  0x000002188f87b000 ConcurrentGCThread "G1 Conc#2" [stack: 0x0000007109d00000,0x0000007109e00000] [id=43060]
  0x00000218fd408000 ConcurrentGCThread "G1 Refine#0" [stack: 0x0000007107600000,0x0000007107700000] [id=43556]
  0x00000218fd40a000 ConcurrentGCThread "G1 Young RemSet Sampling" [stack: 0x0000007107700000,0x0000007107800000] [id=30064]

Threads with active compile tasks:
C2 CompilerThread0     4199 2289   !   4       java.lang.ClassLoader::loadClass (122 bytes)

VM state:not at safepoint (normal execution)

VM Mutex/Monitor currently owned by a thread: None

Heap address: 0x0000000080000000, size: 2048 MB, Compressed Oops mode: 32-bit
Narrow klass base: 0x0000000000000000, Narrow klass shift: 3
Compressed class space size: 528482304 Address: 0x0000000100000000

Heap:
 garbage-first heap   total 258048K, used 39698K [0x0000000080000000, 0x0000000100000000)
  region size 1024K, 34 young (34816K), 11 survivors (11264K)
 Metaspace       used 23045K, capacity 23650K, committed 23984K, reserved 538624K
  class space    used 2783K, capacity 3006K, committed 3072K, reserved 516096K
Heap Regions: E=young(eden), S=young(survivor), O=old, HS=humongous(starts), HC=humongous(continues), CS=collection set, F=free, A=archive, TAMS=top-at-mark-start (previous, next)
|   0|0x0000000080000000, 0x0000000080100000, 0x0000000080100000|100%|HS|  |TAMS 0x0000000080100000, 0x0000000080000000| Complete 
|   1|0x0000000080100000, 0x0000000080200000, 0x0000000080200000|100%|HC|  |TAMS 0x0000000080200000, 0x0000000080100000| Complete 
|   2|0x0000000080200000, 0x0000000080300000, 0x0000000080300000|100%|HC|  |TAMS 0x0000000080300000, 0x0000000080200000| Complete 
|   3|0x0000000080300000, 0x0000000080400000, 0x0000000080400000|100%|HC|  |TAMS 0x0000000080400000, 0x0000000080300000| Complete 
|   4|0x0000000080400000, 0x0000000080500000, 0x0000000080500000|100%| O|  |TAMS 0x0000000080500000, 0x0000000080400000| Untracked 
|   5|0x0000000080500000, 0x0000000080600000, 0x0000000080600000|100%| O|  |TAMS 0x0000000080600000, 0x0000000080500000| Untracked 
|   6|0x0000000080600000, 0x0000000080700000, 0x0000000080700000|100%| O|  |TAMS 0x0000000080700000, 0x0000000080600000| Untracked 
|   7|0x0000000080700000, 0x000000008070f600, 0x0000000080800000|  6%| O|  |TAMS 0x000000008070f600, 0x0000000080700000| Untracked 
|   8|0x0000000080800000, 0x0000000080800000, 0x0000000080900000|  0%| F|  |TAMS 0x0000000080800000, 0x0000000080800000| Untracked 
|   9|0x0000000080900000, 0x0000000080900000, 0x0000000080a00000|  0%| F|  |TAMS 0x0000000080900000, 0x0000000080900000| Untracked 
|  10|0x0000000080a00000, 0x0000000080a00000, 0x0000000080b00000|  0%| F|  |TAMS 0x0000000080a00000, 0x0000000080a00000| Untracked 
|  11|0x0000000080b00000, 0x0000000080b00000, 0x0000000080c00000|  0%| F|  |TAMS 0x0000000080b00000, 0x0000000080b00000| Untracked 
|  12|0x0000000080c00000, 0x0000000080c00000, 0x0000000080d00000|  0%| F|  |TAMS 0x0000000080c00000, 0x0000000080c00000| Untracked 
|  13|0x0000000080d00000, 0x0000000080d00000, 0x0000000080e00000|  0%| F|  |TAMS 0x0000000080d00000, 0x0000000080d00000| Untracked 
|  14|0x0000000080e00000, 0x0000000080e00000, 0x0000000080f00000|  0%| F|  |TAMS 0x0000000080e00000, 0x0000000080e00000| Untracked 
|  15|0x0000000080f00000, 0x0000000080f00000, 0x0000000081000000|  0%| F|  |TAMS 0x0000000080f00000, 0x0000000080f00000| Untracked 
|  16|0x0000000081000000, 0x0000000081000000, 0x0000000081100000|  0%| F|  |TAMS 0x0000000081000000, 0x0000000081000000| Untracked 
|  17|0x0000000081100000, 0x0000000081100000, 0x0000000081200000|  0%| F|  |TAMS 0x0000000081100000, 0x0000000081100000| Untracked 
|  18|0x0000000081200000, 0x0000000081200000, 0x0000000081300000|  0%| F|  |TAMS 0x0000000081200000, 0x0000000081200000| Untracked 
|  19|0x0000000081300000, 0x0000000081300000, 0x0000000081400000|  0%| F|  |TAMS 0x0000000081300000, 0x0000000081300000| Untracked 
|  20|0x0000000081400000, 0x0000000081400000, 0x0000000081500000|  0%| F|  |TAMS 0x0000000081400000, 0x0000000081400000| Untracked 
|  21|0x0000000081500000, 0x0000000081500000, 0x0000000081600000|  0%| F|  |TAMS 0x0000000081500000, 0x0000000081500000| Untracked 
|  22|0x0000000081600000, 0x0000000081600000, 0x0000000081700000|  0%| F|  |TAMS 0x0000000081600000, 0x0000000081600000| Untracked 
|  23|0x0000000081700000, 0x0000000081700000, 0x0000000081800000|  0%| F|  |TAMS 0x0000000081700000, 0x0000000081700000| Untracked 
|  24|0x0000000081800000, 0x0000000081800000, 0x0000000081900000|  0%| F|  |TAMS 0x0000000081800000, 0x0000000081800000| Untracked 
|  25|0x0000000081900000, 0x0000000081900000, 0x0000000081a00000|  0%| F|  |TAMS 0x0000000081900000, 0x0000000081900000| Untracked 
|  26|0x0000000081a00000, 0x0000000081a00000, 0x0000000081b00000|  0%| F|  |TAMS 0x0000000081a00000, 0x0000000081a00000| Untracked 
|  27|0x0000000081b00000, 0x0000000081b00000, 0x0000000081c00000|  0%| F|  |TAMS 0x0000000081b00000, 0x0000000081b00000| Untracked 
|  28|0x0000000081c00000, 0x0000000081c00000, 0x0000000081d00000|  0%| F|  |TAMS 0x0000000081c00000, 0x0000000081c00000| Untracked 
|  29|0x0000000081d00000, 0x0000000081d00000, 0x0000000081e00000|  0%| F|  |TAMS 0x0000000081d00000, 0x0000000081d00000| Untracked 
|  30|0x0000000081e00000, 0x0000000081e00000, 0x0000000081f00000|  0%| F|  |TAMS 0x0000000081e00000, 0x0000000081e00000| Untracked 
|  31|0x0000000081f00000, 0x0000000081f00000, 0x0000000082000000|  0%| F|  |TAMS 0x0000000081f00000, 0x0000000081f00000| Untracked 
|  32|0x0000000082000000, 0x0000000082000000, 0x0000000082100000|  0%| F|  |TAMS 0x0000000082000000, 0x0000000082000000| Untracked 
|  33|0x0000000082100000, 0x0000000082100000, 0x0000000082200000|  0%| F|  |TAMS 0x0000000082100000, 0x0000000082100000| Untracked 
|  34|0x0000000082200000, 0x0000000082200000, 0x0000000082300000|  0%| F|  |TAMS 0x0000000082200000, 0x0000000082200000| Untracked 
|  35|0x0000000082300000, 0x0000000082300000, 0x0000000082400000|  0%| F|  |TAMS 0x0000000082300000, 0x0000000082300000| Untracked 
|  36|0x0000000082400000, 0x0000000082400000, 0x0000000082500000|  0%| F|  |TAMS 0x0000000082400000, 0x0000000082400000| Untracked 
|  37|0x0000000082500000, 0x0000000082500000, 0x0000000082600000|  0%| F|  |TAMS 0x0000000082500000, 0x0000000082500000| Untracked 
|  38|0x0000000082600000, 0x0000000082600000, 0x0000000082700000|  0%| F|  |TAMS 0x0000000082600000, 0x0000000082600000| Untracked 
|  39|0x0000000082700000, 0x0000000082700000, 0x0000000082800000|  0%| F|  |TAMS 0x0000000082700000, 0x0000000082700000| Untracked 
|  40|0x0000000082800000, 0x0000000082800000, 0x0000000082900000|  0%| F|  |TAMS 0x0000000082800000, 0x0000000082800000| Untracked 
|  41|0x0000000082900000, 0x0000000082900000, 0x0000000082a00000|  0%| F|  |TAMS 0x0000000082900000, 0x0000000082900000| Untracked 
|  42|0x0000000082a00000, 0x0000000082a00000, 0x0000000082b00000|  0%| F|  |TAMS 0x0000000082a00000, 0x0000000082a00000| Untracked 
|  43|0x0000000082b00000, 0x0000000082b00000, 0x0000000082c00000|  0%| F|  |TAMS 0x0000000082b00000, 0x0000000082b00000| Untracked 
|  44|0x0000000082c00000, 0x0000000082c00000, 0x0000000082d00000|  0%| F|  |TAMS 0x0000000082c00000, 0x0000000082c00000| Untracked 
|  45|0x0000000082d00000, 0x0000000082d00000, 0x0000000082e00000|  0%| F|  |TAMS 0x0000000082d00000, 0x0000000082d00000| Untracked 
|  46|0x0000000082e00000, 0x0000000082e00000, 0x0000000082f00000|  0%| F|  |TAMS 0x0000000082e00000, 0x0000000082e00000| Untracked 
|  47|0x0000000082f00000, 0x0000000082f00000, 0x0000000083000000|  0%| F|  |TAMS 0x0000000082f00000, 0x0000000082f00000| Untracked 
|  48|0x0000000083000000, 0x0000000083000000, 0x0000000083100000|  0%| F|  |TAMS 0x0000000083000000, 0x0000000083000000| Untracked 
|  49|0x0000000083100000, 0x0000000083100000, 0x0000000083200000|  0%| F|  |TAMS 0x0000000083100000, 0x0000000083100000| Untracked 
|  50|0x0000000083200000, 0x0000000083200000, 0x0000000083300000|  0%| F|  |TAMS 0x0000000083200000, 0x0000000083200000| Untracked 
|  51|0x0000000083300000, 0x0000000083300000, 0x0000000083400000|  0%| F|  |TAMS 0x0000000083300000, 0x0000000083300000| Untracked 
|  52|0x0000000083400000, 0x0000000083400000, 0x0000000083500000|  0%| F|  |TAMS 0x0000000083400000, 0x0000000083400000| Untracked 
|  53|0x0000000083500000, 0x0000000083500000, 0x0000000083600000|  0%| F|  |TAMS 0x0000000083500000, 0x0000000083500000| Untracked 
|  54|0x0000000083600000, 0x0000000083600000, 0x0000000083700000|  0%| F|  |TAMS 0x0000000083600000, 0x0000000083600000| Untracked 
|  55|0x0000000083700000, 0x0000000083700000, 0x0000000083800000|  0%| F|  |TAMS 0x0000000083700000, 0x0000000083700000| Untracked 
|  56|0x0000000083800000, 0x0000000083800000, 0x0000000083900000|  0%| F|  |TAMS 0x0000000083800000, 0x0000000083800000| Untracked 
|  57|0x0000000083900000, 0x0000000083900000, 0x0000000083a00000|  0%| F|  |TAMS 0x0000000083900000, 0x0000000083900000| Untracked 
|  58|0x0000000083a00000, 0x0000000083a00000, 0x0000000083b00000|  0%| F|  |TAMS 0x0000000083a00000, 0x0000000083a00000| Untracked 
|  59|0x0000000083b00000, 0x0000000083b00000, 0x0000000083c00000|  0%| F|  |TAMS 0x0000000083b00000, 0x0000000083b00000| Untracked 
|  60|0x0000000083c00000, 0x0000000083c00000, 0x0000000083d00000|  0%| F|  |TAMS 0x0000000083c00000, 0x0000000083c00000| Untracked 
|  61|0x0000000083d00000, 0x0000000083d00000, 0x0000000083e00000|  0%| F|  |TAMS 0x0000000083d00000, 0x0000000083d00000| Untracked 
|  62|0x0000000083e00000, 0x0000000083e00000, 0x0000000083f00000|  0%| F|  |TAMS 0x0000000083e00000, 0x0000000083e00000| Untracked 
|  63|0x0000000083f00000, 0x0000000083f00000, 0x0000000084000000|  0%| F|  |TAMS 0x0000000083f00000, 0x0000000083f00000| Untracked 
|  64|0x0000000084000000, 0x0000000084000000, 0x0000000084100000|  0%| F|  |TAMS 0x0000000084000000, 0x0000000084000000| Untracked 
|  65|0x0000000084100000, 0x0000000084100000, 0x0000000084200000|  0%| F|  |TAMS 0x0000000084100000, 0x0000000084100000| Untracked 
|  66|0x0000000084200000, 0x0000000084200000, 0x0000000084300000|  0%| F|  |TAMS 0x0000000084200000, 0x0000000084200000| Untracked 
|  67|0x0000000084300000, 0x0000000084300000, 0x0000000084400000|  0%| F|  |TAMS 0x0000000084300000, 0x0000000084300000| Untracked 
|  68|0x0000000084400000, 0x0000000084400000, 0x0000000084500000|  0%| F|  |TAMS 0x0000000084400000, 0x0000000084400000| Untracked 
|  69|0x0000000084500000, 0x0000000084500000, 0x0000000084600000|  0%| F|  |TAMS 0x0000000084500000, 0x0000000084500000| Untracked 
|  70|0x0000000084600000, 0x0000000084600000, 0x0000000084700000|  0%| F|  |TAMS 0x0000000084600000, 0x0000000084600000| Untracked 
|  71|0x0000000084700000, 0x0000000084700000, 0x0000000084800000|  0%| F|  |TAMS 0x0000000084700000, 0x0000000084700000| Untracked 
|  72|0x0000000084800000, 0x0000000084800000, 0x0000000084900000|  0%| F|  |TAMS 0x0000000084800000, 0x0000000084800000| Untracked 
|  73|0x0000000084900000, 0x0000000084900000, 0x0000000084a00000|  0%| F|  |TAMS 0x0000000084900000, 0x0000000084900000| Untracked 
|  74|0x0000000084a00000, 0x0000000084a00000, 0x0000000084b00000|  0%| F|  |TAMS 0x0000000084a00000, 0x0000000084a00000| Untracked 
|  75|0x0000000084b00000, 0x0000000084b00000, 0x0000000084c00000|  0%| F|  |TAMS 0x0000000084b00000, 0x0000000084b00000| Untracked 
|  76|0x0000000084c00000, 0x0000000084c00000, 0x0000000084d00000|  0%| F|  |TAMS 0x0000000084c00000, 0x0000000084c00000| Untracked 
|  77|0x0000000084d00000, 0x0000000084d00000, 0x0000000084e00000|  0%| F|  |TAMS 0x0000000084d00000, 0x0000000084d00000| Untracked 
|  78|0x0000000084e00000, 0x0000000084e00000, 0x0000000084f00000|  0%| F|  |TAMS 0x0000000084e00000, 0x0000000084e00000| Untracked 
|  79|0x0000000084f00000, 0x0000000084f00000, 0x0000000085000000|  0%| F|  |TAMS 0x0000000084f00000, 0x0000000084f00000| Untracked 
|  80|0x0000000085000000, 0x0000000085000000, 0x0000000085100000|  0%| F|  |TAMS 0x0000000085000000, 0x0000000085000000| Untracked 
|  81|0x0000000085100000, 0x0000000085100000, 0x0000000085200000|  0%| F|  |TAMS 0x0000000085100000, 0x0000000085100000| Untracked 
|  82|0x0000000085200000, 0x0000000085200000, 0x0000000085300000|  0%| F|  |TAMS 0x0000000085200000, 0x0000000085200000| Untracked 
|  83|0x0000000085300000, 0x0000000085300000, 0x0000000085400000|  0%| F|  |TAMS 0x0000000085300000, 0x0000000085300000| Untracked 
|  84|0x0000000085400000, 0x0000000085400000, 0x0000000085500000|  0%| F|  |TAMS 0x0000000085400000, 0x0000000085400000| Untracked 
|  85|0x0000000085500000, 0x0000000085500000, 0x0000000085600000|  0%| F|  |TAMS 0x0000000085500000, 0x0000000085500000| Untracked 
|  86|0x0000000085600000, 0x0000000085600000, 0x0000000085700000|  0%| F|  |TAMS 0x0000000085600000, 0x0000000085600000| Untracked 
|  87|0x0000000085700000, 0x0000000085700000, 0x0000000085800000|  0%| F|  |TAMS 0x0000000085700000, 0x0000000085700000| Untracked 
|  88|0x0000000085800000, 0x0000000085800000, 0x0000000085900000|  0%| F|  |TAMS 0x0000000085800000, 0x0000000085800000| Untracked 
|  89|0x0000000085900000, 0x0000000085900000, 0x0000000085a00000|  0%| F|  |TAMS 0x0000000085900000, 0x0000000085900000| Untracked 
|  90|0x0000000085a00000, 0x0000000085a00000, 0x0000000085b00000|  0%| F|  |TAMS 0x0000000085a00000, 0x0000000085a00000| Untracked 
|  91|0x0000000085b00000, 0x0000000085b00000, 0x0000000085c00000|  0%| F|  |TAMS 0x0000000085b00000, 0x0000000085b00000| Untracked 
|  92|0x0000000085c00000, 0x0000000085c00000, 0x0000000085d00000|  0%| F|  |TAMS 0x0000000085c00000, 0x0000000085c00000| Untracked 
|  93|0x0000000085d00000, 0x0000000085d00000, 0x0000000085e00000|  0%| F|  |TAMS 0x0000000085d00000, 0x0000000085d00000| Untracked 
|  94|0x0000000085e00000, 0x0000000085e00000, 0x0000000085f00000|  0%| F|  |TAMS 0x0000000085e00000, 0x0000000085e00000| Untracked 
|  95|0x0000000085f00000, 0x0000000085f00000, 0x0000000086000000|  0%| F|  |TAMS 0x0000000085f00000, 0x0000000085f00000| Untracked 
|  96|0x0000000086000000, 0x0000000086000000, 0x0000000086100000|  0%| F|  |TAMS 0x0000000086000000, 0x0000000086000000| Untracked 
|  97|0x0000000086100000, 0x0000000086100000, 0x0000000086200000|  0%| F|  |TAMS 0x0000000086100000, 0x0000000086100000| Untracked 
|  98|0x0000000086200000, 0x0000000086200000, 0x0000000086300000|  0%| F|  |TAMS 0x0000000086200000, 0x0000000086200000| Untracked 
|  99|0x0000000086300000, 0x0000000086300000, 0x0000000086400000|  0%| F|  |TAMS 0x0000000086300000, 0x0000000086300000| Untracked 
| 100|0x0000000086400000, 0x0000000086400000, 0x0000000086500000|  0%| F|  |TAMS 0x0000000086400000, 0x0000000086400000| Untracked 
| 101|0x0000000086500000, 0x0000000086500000, 0x0000000086600000|  0%| F|  |TAMS 0x0000000086500000, 0x0000000086500000| Untracked 
| 102|0x0000000086600000, 0x0000000086600000, 0x0000000086700000|  0%| F|  |TAMS 0x0000000086600000, 0x0000000086600000| Untracked 
| 103|0x0000000086700000, 0x0000000086700000, 0x0000000086800000|  0%| F|  |TAMS 0x0000000086700000, 0x0000000086700000| Untracked 
| 104|0x0000000086800000, 0x0000000086800000, 0x0000000086900000|  0%| F|  |TAMS 0x0000000086800000, 0x0000000086800000| Untracked 
| 105|0x0000000086900000, 0x0000000086900000, 0x0000000086a00000|  0%| F|  |TAMS 0x0000000086900000, 0x0000000086900000| Untracked 
| 106|0x0000000086a00000, 0x0000000086a00000, 0x0000000086b00000|  0%| F|  |TAMS 0x0000000086a00000, 0x0000000086a00000| Untracked 
| 107|0x0000000086b00000, 0x0000000086b00000, 0x0000000086c00000|  0%| F|  |TAMS 0x0000000086b00000, 0x0000000086b00000| Untracked 
| 108|0x0000000086c00000, 0x0000000086c00000, 0x0000000086d00000|  0%| F|  |TAMS 0x0000000086c00000, 0x0000000086c00000| Untracked 
| 109|0x0000000086d00000, 0x0000000086d00000, 0x0000000086e00000|  0%| F|  |TAMS 0x0000000086d00000, 0x0000000086d00000| Untracked 
| 110|0x0000000086e00000, 0x0000000086e00000, 0x0000000086f00000|  0%| F|  |TAMS 0x0000000086e00000, 0x0000000086e00000| Untracked 
| 111|0x0000000086f00000, 0x0000000086f00000, 0x0000000087000000|  0%| F|  |TAMS 0x0000000086f00000, 0x0000000086f00000| Untracked 
| 112|0x0000000087000000, 0x0000000087000000, 0x0000000087100000|  0%| F|  |TAMS 0x0000000087000000, 0x0000000087000000| Untracked 
| 113|0x0000000087100000, 0x0000000087100000, 0x0000000087200000|  0%| F|  |TAMS 0x0000000087100000, 0x0000000087100000| Untracked 
| 114|0x0000000087200000, 0x0000000087200000, 0x0000000087300000|  0%| F|  |TAMS 0x0000000087200000, 0x0000000087200000| Untracked 
| 115|0x0000000087300000, 0x0000000087300000, 0x0000000087400000|  0%| F|  |TAMS 0x0000000087300000, 0x0000000087300000| Untracked 
| 116|0x0000000087400000, 0x0000000087400000, 0x0000000087500000|  0%| F|  |TAMS 0x0000000087400000, 0x0000000087400000| Untracked 
| 117|0x0000000087500000, 0x0000000087500000, 0x0000000087600000|  0%| F|  |TAMS 0x0000000087500000, 0x0000000087500000| Untracked 
| 118|0x0000000087600000, 0x0000000087600000, 0x0000000087700000|  0%| F|  |TAMS 0x0000000087600000, 0x0000000087600000| Untracked 
| 119|0x0000000087700000, 0x0000000087700000, 0x0000000087800000|  0%| F|  |TAMS 0x0000000087700000, 0x0000000087700000| Untracked 
| 120|0x0000000087800000, 0x0000000087800000, 0x0000000087900000|  0%| F|  |TAMS 0x0000000087800000, 0x0000000087800000| Untracked 
| 121|0x0000000087900000, 0x0000000087900000, 0x0000000087a00000|  0%| F|  |TAMS 0x0000000087900000, 0x0000000087900000| Untracked 
| 122|0x0000000087a00000, 0x0000000087a00000, 0x0000000087b00000|  0%| F|  |TAMS 0x0000000087a00000, 0x0000000087a00000| Untracked 
| 123|0x0000000087b00000, 0x0000000087b00000, 0x0000000087c00000|  0%| F|  |TAMS 0x0000000087b00000, 0x0000000087b00000| Untracked 
| 124|0x0000000087c00000, 0x0000000087c00000, 0x0000000087d00000|  0%| F|  |TAMS 0x0000000087c00000, 0x0000000087c00000| Untracked 
| 125|0x0000000087d00000, 0x0000000087d00000, 0x0000000087e00000|  0%| F|  |TAMS 0x0000000087d00000, 0x0000000087d00000| Untracked 
| 126|0x0000000087e00000, 0x0000000087e00000, 0x0000000087f00000|  0%| F|  |TAMS 0x0000000087e00000, 0x0000000087e00000| Untracked 
| 127|0x0000000087f00000, 0x0000000087f00000, 0x0000000088000000|  0%| F|  |TAMS 0x0000000087f00000, 0x0000000087f00000| Untracked 
| 128|0x0000000088000000, 0x0000000088000000, 0x0000000088100000|  0%| F|  |TAMS 0x0000000088000000, 0x0000000088000000| Untracked 
| 129|0x0000000088100000, 0x0000000088100000, 0x0000000088200000|  0%| F|  |TAMS 0x0000000088100000, 0x0000000088100000| Untracked 
| 130|0x0000000088200000, 0x0000000088200000, 0x0000000088300000|  0%| F|  |TAMS 0x0000000088200000, 0x0000000088200000| Untracked 
| 131|0x0000000088300000, 0x0000000088300000, 0x0000000088400000|  0%| F|  |TAMS 0x0000000088300000, 0x0000000088300000| Untracked 
| 132|0x0000000088400000, 0x0000000088400000, 0x0000000088500000|  0%| F|  |TAMS 0x0000000088400000, 0x0000000088400000| Untracked 
| 133|0x0000000088500000, 0x0000000088500000, 0x0000000088600000|  0%| F|  |TAMS 0x0000000088500000, 0x0000000088500000| Untracked 
| 134|0x0000000088600000, 0x0000000088600000, 0x0000000088700000|  0%| F|  |TAMS 0x0000000088600000, 0x0000000088600000| Untracked 
| 135|0x0000000088700000, 0x0000000088700000, 0x0000000088800000|  0%| F|  |TAMS 0x0000000088700000, 0x0000000088700000| Untracked 
| 136|0x0000000088800000, 0x0000000088800000, 0x0000000088900000|  0%| F|  |TAMS 0x0000000088800000, 0x0000000088800000| Untracked 
| 137|0x0000000088900000, 0x0000000088900000, 0x0000000088a00000|  0%| F|  |TAMS 0x0000000088900000, 0x0000000088900000| Untracked 
| 138|0x0000000088a00000, 0x0000000088a00000, 0x0000000088b00000|  0%| F|  |TAMS 0x0000000088a00000, 0x0000000088a00000| Untracked 
| 139|0x0000000088b00000, 0x0000000088b00000, 0x0000000088c00000|  0%| F|  |TAMS 0x0000000088b00000, 0x0000000088b00000| Untracked 
| 140|0x0000000088c00000, 0x0000000088c00000, 0x0000000088d00000|  0%| F|  |TAMS 0x0000000088c00000, 0x0000000088c00000| Untracked 
| 141|0x0000000088d00000, 0x0000000088d00000, 0x0000000088e00000|  0%| F|  |TAMS 0x0000000088d00000, 0x0000000088d00000| Untracked 
| 142|0x0000000088e00000, 0x0000000088e00000, 0x0000000088f00000|  0%| F|  |TAMS 0x0000000088e00000, 0x0000000088e00000| Untracked 
| 143|0x0000000088f00000, 0x0000000088f00000, 0x0000000089000000|  0%| F|  |TAMS 0x0000000088f00000, 0x0000000088f00000| Untracked 
| 144|0x0000000089000000, 0x0000000089000000, 0x0000000089100000|  0%| F|  |TAMS 0x0000000089000000, 0x0000000089000000| Untracked 
| 145|0x0000000089100000, 0x0000000089100000, 0x0000000089200000|  0%| F|  |TAMS 0x0000000089100000, 0x0000000089100000| Untracked 
| 146|0x0000000089200000, 0x0000000089200000, 0x0000000089300000|  0%| F|  |TAMS 0x0000000089200000, 0x0000000089200000| Untracked 
| 147|0x0000000089300000, 0x0000000089300000, 0x0000000089400000|  0%| F|  |TAMS 0x0000000089300000, 0x0000000089300000| Untracked 
| 148|0x0000000089400000, 0x0000000089400000, 0x0000000089500000|  0%| F|  |TAMS 0x0000000089400000, 0x0000000089400000| Untracked 
| 149|0x0000000089500000, 0x0000000089500000, 0x0000000089600000|  0%| F|  |TAMS 0x0000000089500000, 0x0000000089500000| Untracked 
| 150|0x0000000089600000, 0x0000000089600000, 0x0000000089700000|  0%| F|  |TAMS 0x0000000089600000, 0x0000000089600000| Untracked 
| 151|0x0000000089700000, 0x0000000089700000, 0x0000000089800000|  0%| F|  |TAMS 0x0000000089700000, 0x0000000089700000| Untracked 
| 152|0x0000000089800000, 0x0000000089800000, 0x0000000089900000|  0%| F|  |TAMS 0x0000000089800000, 0x0000000089800000| Untracked 
| 153|0x0000000089900000, 0x00000000899b55d8, 0x0000000089a00000| 70%| S|CS|TAMS 0x0000000089900000, 0x0000000089900000| Complete 
| 154|0x0000000089a00000, 0x0000000089b00000, 0x0000000089b00000|100%| S|CS|TAMS 0x0000000089a00000, 0x0000000089a00000| Complete 
| 155|0x0000000089b00000, 0x0000000089c00000, 0x0000000089c00000|100%| S|CS|TAMS 0x0000000089b00000, 0x0000000089b00000| Complete 
| 156|0x0000000089c00000, 0x0000000089d00000, 0x0000000089d00000|100%| S|CS|TAMS 0x0000000089c00000, 0x0000000089c00000| Complete 
| 157|0x0000000089d00000, 0x0000000089e00000, 0x0000000089e00000|100%| S|CS|TAMS 0x0000000089d00000, 0x0000000089d00000| Complete 
| 158|0x0000000089e00000, 0x0000000089f00000, 0x0000000089f00000|100%| S|CS|TAMS 0x0000000089e00000, 0x0000000089e00000| Complete 
| 159|0x0000000089f00000, 0x000000008a000000, 0x000000008a000000|100%| S|CS|TAMS 0x0000000089f00000, 0x0000000089f00000| Complete 
| 160|0x000000008a000000, 0x000000008a100000, 0x000000008a100000|100%| S|CS|TAMS 0x000000008a000000, 0x000000008a000000| Complete 
| 161|0x000000008a100000, 0x000000008a200000, 0x000000008a200000|100%| S|CS|TAMS 0x000000008a100000, 0x000000008a100000| Complete 
| 162|0x000000008a200000, 0x000000008a300000, 0x000000008a300000|100%| S|CS|TAMS 0x000000008a200000, 0x000000008a200000| Complete 
| 163|0x000000008a300000, 0x000000008a400000, 0x000000008a400000|100%| S|CS|TAMS 0x000000008a300000, 0x000000008a300000| Complete 
| 164|0x000000008a400000, 0x000000008a400000, 0x000000008a500000|  0%| F|  |TAMS 0x000000008a400000, 0x000000008a400000| Untracked 
| 165|0x000000008a500000, 0x000000008a500000, 0x000000008a600000|  0%| F|  |TAMS 0x000000008a500000, 0x000000008a500000| Untracked 
| 166|0x000000008a600000, 0x000000008a600000, 0x000000008a700000|  0%| F|  |TAMS 0x000000008a600000, 0x000000008a600000| Untracked 
| 167|0x000000008a700000, 0x000000008a700000, 0x000000008a800000|  0%| F|  |TAMS 0x000000008a700000, 0x000000008a700000| Untracked 
| 168|0x000000008a800000, 0x000000008a800000, 0x000000008a900000|  0%| F|  |TAMS 0x000000008a800000, 0x000000008a800000| Untracked 
| 169|0x000000008a900000, 0x000000008a900000, 0x000000008aa00000|  0%| F|  |TAMS 0x000000008a900000, 0x000000008a900000| Untracked 
| 170|0x000000008aa00000, 0x000000008aa00000, 0x000000008ab00000|  0%| F|  |TAMS 0x000000008aa00000, 0x000000008aa00000| Untracked 
| 171|0x000000008ab00000, 0x000000008ab00000, 0x000000008ac00000|  0%| F|  |TAMS 0x000000008ab00000, 0x000000008ab00000| Untracked 
| 172|0x000000008ac00000, 0x000000008ac00000, 0x000000008ad00000|  0%| F|  |TAMS 0x000000008ac00000, 0x000000008ac00000| Untracked 
| 173|0x000000008ad00000, 0x000000008ad00000, 0x000000008ae00000|  0%| F|  |TAMS 0x000000008ad00000, 0x000000008ad00000| Untracked 
| 174|0x000000008ae00000, 0x000000008ae00000, 0x000000008af00000|  0%| F|  |TAMS 0x000000008ae00000, 0x000000008ae00000| Untracked 
| 175|0x000000008af00000, 0x000000008af00000, 0x000000008b000000|  0%| F|  |TAMS 0x000000008af00000, 0x000000008af00000| Untracked 
| 176|0x000000008b000000, 0x000000008b000000, 0x000000008b100000|  0%| F|  |TAMS 0x000000008b000000, 0x000000008b000000| Untracked 
| 177|0x000000008b100000, 0x000000008b100000, 0x000000008b200000|  0%| F|  |TAMS 0x000000008b100000, 0x000000008b100000| Untracked 
| 178|0x000000008b200000, 0x000000008b200000, 0x000000008b300000|  0%| F|  |TAMS 0x000000008b200000, 0x000000008b200000| Untracked 
| 179|0x000000008b300000, 0x000000008b300000, 0x000000008b400000|  0%| F|  |TAMS 0x000000008b300000, 0x000000008b300000| Untracked 
| 180|0x000000008b400000, 0x000000008b400000, 0x000000008b500000|  0%| F|  |TAMS 0x000000008b400000, 0x000000008b400000| Untracked 
| 181|0x000000008b500000, 0x000000008b500000, 0x000000008b600000|  0%| F|  |TAMS 0x000000008b500000, 0x000000008b500000| Untracked 
| 182|0x000000008b600000, 0x000000008b600000, 0x000000008b700000|  0%| F|  |TAMS 0x000000008b600000, 0x000000008b600000| Untracked 
| 183|0x000000008b700000, 0x000000008b700000, 0x000000008b800000|  0%| F|  |TAMS 0x000000008b700000, 0x000000008b700000| Untracked 
| 184|0x000000008b800000, 0x000000008b800000, 0x000000008b900000|  0%| F|  |TAMS 0x000000008b800000, 0x000000008b800000| Untracked 
| 185|0x000000008b900000, 0x000000008b900000, 0x000000008ba00000|  0%| F|  |TAMS 0x000000008b900000, 0x000000008b900000| Untracked 
| 186|0x000000008ba00000, 0x000000008ba00000, 0x000000008bb00000|  0%| F|  |TAMS 0x000000008ba00000, 0x000000008ba00000| Untracked 
| 187|0x000000008bb00000, 0x000000008bb00000, 0x000000008bc00000|  0%| F|  |TAMS 0x000000008bb00000, 0x000000008bb00000| Untracked 
| 188|0x000000008bc00000, 0x000000008bc00000, 0x000000008bd00000|  0%| F|  |TAMS 0x000000008bc00000, 0x000000008bc00000| Untracked 
| 189|0x000000008bd00000, 0x000000008bd00000, 0x000000008be00000|  0%| F|  |TAMS 0x000000008bd00000, 0x000000008bd00000| Untracked 
| 190|0x000000008be00000, 0x000000008be00000, 0x000000008bf00000|  0%| F|  |TAMS 0x000000008be00000, 0x000000008be00000| Untracked 
| 191|0x000000008bf00000, 0x000000008bf00000, 0x000000008c000000|  0%| F|  |TAMS 0x000000008bf00000, 0x000000008bf00000| Untracked 
| 192|0x000000008c000000, 0x000000008c000000, 0x000000008c100000|  0%| F|  |TAMS 0x000000008c000000, 0x000000008c000000| Untracked 
| 193|0x000000008c100000, 0x000000008c100000, 0x000000008c200000|  0%| F|  |TAMS 0x000000008c100000, 0x000000008c100000| Untracked 
| 194|0x000000008c200000, 0x000000008c200000, 0x000000008c300000|  0%| F|  |TAMS 0x000000008c200000, 0x000000008c200000| Untracked 
| 195|0x000000008c300000, 0x000000008c300000, 0x000000008c400000|  0%| F|  |TAMS 0x000000008c300000, 0x000000008c300000| Untracked 
| 196|0x000000008c400000, 0x000000008c400000, 0x000000008c500000|  0%| F|  |TAMS 0x000000008c400000, 0x000000008c400000| Untracked 
| 197|0x000000008c500000, 0x000000008c500000, 0x000000008c600000|  0%| F|  |TAMS 0x000000008c500000, 0x000000008c500000| Untracked 
| 198|0x000000008c600000, 0x000000008c600000, 0x000000008c700000|  0%| F|  |TAMS 0x000000008c600000, 0x000000008c600000| Untracked 
| 199|0x000000008c700000, 0x000000008c700000, 0x000000008c800000|  0%| F|  |TAMS 0x000000008c700000, 0x000000008c700000| Untracked 
| 200|0x000000008c800000, 0x000000008c800000, 0x000000008c900000|  0%| F|  |TAMS 0x000000008c800000, 0x000000008c800000| Untracked 
| 201|0x000000008c900000, 0x000000008c900000, 0x000000008ca00000|  0%| F|  |TAMS 0x000000008c900000, 0x000000008c900000| Untracked 
| 202|0x000000008ca00000, 0x000000008ca00000, 0x000000008cb00000|  0%| F|  |TAMS 0x000000008ca00000, 0x000000008ca00000| Untracked 
| 203|0x000000008cb00000, 0x000000008cb00000, 0x000000008cc00000|  0%| F|  |TAMS 0x000000008cb00000, 0x000000008cb00000| Untracked 
| 204|0x000000008cc00000, 0x000000008cc00000, 0x000000008cd00000|  0%| F|  |TAMS 0x000000008cc00000, 0x000000008cc00000| Untracked 
| 205|0x000000008cd00000, 0x000000008cd00000, 0x000000008ce00000|  0%| F|  |TAMS 0x000000008cd00000, 0x000000008cd00000| Untracked 
| 206|0x000000008ce00000, 0x000000008ce00000, 0x000000008cf00000|  0%| F|  |TAMS 0x000000008ce00000, 0x000000008ce00000| Untracked 
| 207|0x000000008cf00000, 0x000000008cf00000, 0x000000008d000000|  0%| F|  |TAMS 0x000000008cf00000, 0x000000008cf00000| Untracked 
| 208|0x000000008d000000, 0x000000008d000000, 0x000000008d100000|  0%| F|  |TAMS 0x000000008d000000, 0x000000008d000000| Untracked 
| 209|0x000000008d100000, 0x000000008d100000, 0x000000008d200000|  0%| F|  |TAMS 0x000000008d100000, 0x000000008d100000| Untracked 
| 210|0x000000008d200000, 0x000000008d200000, 0x000000008d300000|  0%| F|  |TAMS 0x000000008d200000, 0x000000008d200000| Untracked 
| 211|0x000000008d300000, 0x000000008d300000, 0x000000008d400000|  0%| F|  |TAMS 0x000000008d300000, 0x000000008d300000| Untracked 
| 212|0x000000008d400000, 0x000000008d400000, 0x000000008d500000|  0%| F|  |TAMS 0x000000008d400000, 0x000000008d400000| Untracked 
| 213|0x000000008d500000, 0x000000008d500000, 0x000000008d600000|  0%| F|  |TAMS 0x000000008d500000, 0x000000008d500000| Untracked 
| 214|0x000000008d600000, 0x000000008d600000, 0x000000008d700000|  0%| F|  |TAMS 0x000000008d600000, 0x000000008d600000| Untracked 
| 215|0x000000008d700000, 0x000000008d700000, 0x000000008d800000|  0%| F|  |TAMS 0x000000008d700000, 0x000000008d700000| Untracked 
| 216|0x000000008d800000, 0x000000008d800000, 0x000000008d900000|  0%| F|  |TAMS 0x000000008d800000, 0x000000008d800000| Untracked 
| 217|0x000000008d900000, 0x000000008d900000, 0x000000008da00000|  0%| F|  |TAMS 0x000000008d900000, 0x000000008d900000| Untracked 
| 218|0x000000008da00000, 0x000000008da00000, 0x000000008db00000|  0%| F|  |TAMS 0x000000008da00000, 0x000000008da00000| Untracked 
| 219|0x000000008db00000, 0x000000008db00000, 0x000000008dc00000|  0%| F|  |TAMS 0x000000008db00000, 0x000000008db00000| Untracked 
| 220|0x000000008dc00000, 0x000000008dc00000, 0x000000008dd00000|  0%| F|  |TAMS 0x000000008dc00000, 0x000000008dc00000| Untracked 
| 221|0x000000008dd00000, 0x000000008dd00000, 0x000000008de00000|  0%| F|  |TAMS 0x000000008dd00000, 0x000000008dd00000| Untracked 
| 222|0x000000008de00000, 0x000000008de00000, 0x000000008df00000|  0%| F|  |TAMS 0x000000008de00000, 0x000000008de00000| Untracked 
| 223|0x000000008df00000, 0x000000008df00000, 0x000000008e000000|  0%| F|  |TAMS 0x000000008df00000, 0x000000008df00000| Untracked 
| 224|0x000000008e000000, 0x000000008e000000, 0x000000008e100000|  0%| F|  |TAMS 0x000000008e000000, 0x000000008e000000| Untracked 
| 225|0x000000008e100000, 0x000000008e100000, 0x000000008e200000|  0%| F|  |TAMS 0x000000008e100000, 0x000000008e100000| Untracked 
| 226|0x000000008e200000, 0x000000008e200000, 0x000000008e300000|  0%| F|  |TAMS 0x000000008e200000, 0x000000008e200000| Untracked 
| 227|0x000000008e300000, 0x000000008e300000, 0x000000008e400000|  0%| F|  |TAMS 0x000000008e300000, 0x000000008e300000| Untracked 
| 228|0x000000008e400000, 0x000000008e400000, 0x000000008e500000|  0%| F|  |TAMS 0x000000008e400000, 0x000000008e400000| Untracked 
| 229|0x000000008e500000, 0x000000008e600000, 0x000000008e600000|100%| E|  |TAMS 0x000000008e500000, 0x000000008e500000| Complete 
| 230|0x000000008e600000, 0x000000008e700000, 0x000000008e700000|100%| E|CS|TAMS 0x000000008e600000, 0x000000008e600000| Complete 
| 231|0x000000008e700000, 0x000000008e800000, 0x000000008e800000|100%| E|CS|TAMS 0x000000008e700000, 0x000000008e700000| Complete 
| 232|0x000000008e800000, 0x000000008e900000, 0x000000008e900000|100%| E|CS|TAMS 0x000000008e800000, 0x000000008e800000| Complete 
| 233|0x000000008e900000, 0x000000008ea00000, 0x000000008ea00000|100%| E|CS|TAMS 0x000000008e900000, 0x000000008e900000| Complete 
| 234|0x000000008ea00000, 0x000000008eb00000, 0x000000008eb00000|100%| E|CS|TAMS 0x000000008ea00000, 0x000000008ea00000| Complete 
| 235|0x000000008eb00000, 0x000000008ec00000, 0x000000008ec00000|100%| E|CS|TAMS 0x000000008eb00000, 0x000000008eb00000| Complete 
| 236|0x000000008ec00000, 0x000000008ed00000, 0x000000008ed00000|100%| E|CS|TAMS 0x000000008ec00000, 0x000000008ec00000| Complete 
| 237|0x000000008ed00000, 0x000000008ee00000, 0x000000008ee00000|100%| E|CS|TAMS 0x000000008ed00000, 0x000000008ed00000| Complete 
| 238|0x000000008ee00000, 0x000000008ef00000, 0x000000008ef00000|100%| E|CS|TAMS 0x000000008ee00000, 0x000000008ee00000| Complete 
| 239|0x000000008ef00000, 0x000000008f000000, 0x000000008f000000|100%| E|CS|TAMS 0x000000008ef00000, 0x000000008ef00000| Complete 
| 240|0x000000008f000000, 0x000000008f100000, 0x000000008f100000|100%| E|CS|TAMS 0x000000008f000000, 0x000000008f000000| Complete 
| 241|0x000000008f100000, 0x000000008f200000, 0x000000008f200000|100%| E|CS|TAMS 0x000000008f100000, 0x000000008f100000| Complete 
| 242|0x000000008f200000, 0x000000008f300000, 0x000000008f300000|100%| E|CS|TAMS 0x000000008f200000, 0x000000008f200000| Complete 
| 243|0x000000008f300000, 0x000000008f400000, 0x000000008f400000|100%| E|CS|TAMS 0x000000008f300000, 0x000000008f300000| Complete 
| 244|0x000000008f400000, 0x000000008f500000, 0x000000008f500000|100%| E|CS|TAMS 0x000000008f400000, 0x000000008f400000| Complete 
| 245|0x000000008f500000, 0x000000008f600000, 0x000000008f600000|100%| E|  |TAMS 0x000000008f500000, 0x000000008f500000| Complete 
| 246|0x000000008f600000, 0x000000008f700000, 0x000000008f700000|100%| E|CS|TAMS 0x000000008f600000, 0x000000008f600000| Complete 
| 247|0x000000008f700000, 0x000000008f800000, 0x000000008f800000|100%| E|CS|TAMS 0x000000008f700000, 0x000000008f700000| Complete 
| 248|0x000000008f800000, 0x000000008f900000, 0x000000008f900000|100%| E|CS|TAMS 0x000000008f800000, 0x000000008f800000| Complete 
| 249|0x000000008f900000, 0x000000008fa00000, 0x000000008fa00000|100%| E|CS|TAMS 0x000000008f900000, 0x000000008f900000| Complete 
| 250|0x000000008fa00000, 0x000000008fb00000, 0x000000008fb00000|100%| E|CS|TAMS 0x000000008fa00000, 0x000000008fa00000| Complete 
| 251|0x000000008fb00000, 0x000000008fc00000, 0x000000008fc00000|100%| E|CS|TAMS 0x000000008fb00000, 0x000000008fb00000| Complete 

Card table byte_map: [0x00000218f5cc0000,0x00000218f60c0000] _byte_map_base: 0x00000218f58c0000

Marking Bits (Prev, Next): (CMBitMap*) 0x00000218ec917c50, (CMBitMap*) 0x00000218ec917c18
 Prev Bits: [0x00000218f84c0000, 0x00000218fa4c0000)
 Next Bits: [0x00000218f64c0000, 0x00000218f84c0000)

Polling page: 0x00000218ec0a0000

Metaspace:

Usage:
  Non-class:     20.16 MB capacity,    19.82 MB ( 98%) used,   309.38 KB (  1%) free+waste,    46.38 KB ( <1%) overhead. 
      Class:      2.94 MB capacity,     2.72 MB ( 93%) used,   194.83 KB (  6%) free+waste,    23.13 KB ( <1%) overhead. 
       Both:     23.10 MB capacity,    22.54 MB ( 98%) used,   504.21 KB (  2%) free+waste,    69.50 KB ( <1%) overhead. 

Virtual space:
  Non-class space:       22.00 MB reserved,      20.42 MB ( 93%) committed 
      Class space:      504.00 MB reserved,       3.00 MB ( <1%) committed 
             Both:      526.00 MB reserved,      23.42 MB (  4%) committed 

Chunk freelists:
   Non-Class:  73.00 KB
       Class:  1.00 KB
        Both:  74.00 KB

MaxMetaspaceSize: 512.00 MB
CompressedClassSpaceSize: 504.00 MB
Initial GC threshold: 20.80 MB
Current GC threshold: 35.08 MB
CDS: off

CodeHeap 'non-profiled nmethods': size=119168Kb used=1118Kb max_used=1118Kb free=118049Kb
 bounds [0x0000021887ba0000, 0x0000021887e10000, 0x000002188f000000]
CodeHeap 'profiled nmethods': size=119168Kb used=5069Kb max_used=5069Kb free=114098Kb
 bounds [0x0000021880740000, 0x0000021880c40000, 0x0000021887ba0000]
CodeHeap 'non-nmethods': size=7424Kb used=2913Kb max_used=2923Kb free=4511Kb
 bounds [0x0000021880000000, 0x00000218802e0000, 0x0000021880740000]
 total_blobs=2839 nmethods=2332 adapters=416
 compilation: enabled
              stopped_count=0, restarted_count=0
 full_count=0

Compilation events (20 events):
Event: 4.115 Thread 0x00000218fd53b800 nmethod 2324 0x0000021880c23b90 code [0x0000021880c23d40, 0x0000021880c23e98]
Event: 4.115 Thread 0x00000218ff4a1800 nmethod 2323 0x0000021880c23f90 code [0x0000021880c24160, 0x0000021880c24378]
Event: 4.116 Thread 0x00000218fde09800 2325       3       java.util.concurrent.ConcurrentHashMap::<init> (9 bytes)
Event: 4.117 Thread 0x00000218fde09800 nmethod 2325 0x0000021880c24490 code [0x0000021880c24660, 0x0000021880c247a8]
Event: 4.118 Thread 0x00000218ff258000 2326       3       org.gradle.internal.service.DefaultServiceRegistry::find (142 bytes)
Event: 4.118 Thread 0x00000218fd53b800 2327       3       org.gradle.internal.service.DefaultServiceRegistry$SingletonService::getService (18 bytes)
Event: 4.118 Thread 0x00000218ff4a1800 2328       3       org.gradle.internal.service.DefaultServiceRegistry::access$1300 (6 bytes)
Event: 4.118 Thread 0x00000218fde09800 2329       3       org.gradle.internal.service.DefaultServiceRegistry::isSatisfiedBy (44 bytes)
Event: 4.118 Thread 0x00000218ff4a1800 nmethod 2328 0x0000021880c24890 code [0x0000021880c24a40, 0x0000021880c24b48]
Event: 4.118 Thread 0x00000218fd53b800 nmethod 2327 0x0000021880c24c10 code [0x0000021880c24de0, 0x0000021880c24ff8]
Event: 4.119 Thread 0x00000218fde09800 nmethod 2329 0x0000021880c25110 code [0x0000021880c25320, 0x0000021880c259e8]
Event: 4.119 Thread 0x00000218ff4a1800 2330       3       jdk.internal.reflect.NativeConstructorAccessorImpl::newInstance (89 bytes)
Event: 4.120 Thread 0x00000218ff258000 nmethod 2326 0x0000021880c25b10 code [0x0000021880c25ec0, 0x0000021880c27828]
Event: 4.122 Thread 0x00000218fd53b800 2332       3       java.io.WinNTFileSystem::resolve (275 bytes)
Event: 4.122 Thread 0x00000218ff4a1800 nmethod 2330 0x0000021880c27f10 code [0x0000021880c281c0, 0x0000021880c29038]
Event: 4.123 Thread 0x00000218fde09800 2333       3       java.util.regex.Matcher::<init> (95 bytes)
Event: 4.123 Thread 0x00000218fde09800 nmethod 2333 0x0000021880c29510 code [0x0000021880c29700, 0x0000021880c29d08]
Event: 4.125 Thread 0x00000218fd53b800 nmethod 2332 0x0000021880c29e90 code [0x0000021880c2a3c0, 0x0000021880c2d078]
Event: 4.135 Thread 0x00000218ff258000 2334       3       java.util.Collections$EmptyMap::entrySet (4 bytes)
Event: 4.135 Thread 0x00000218ff258000 nmethod 2334 0x0000021880c2e290 code [0x0000021880c2e440, 0x0000021880c2e598]

GC Heap History (4 events):
Event: 0.669 GC heap before
{Heap before GC invocations=0 (full 0):
 garbage-first heap   total 258048K, used 27648K [0x0000000080000000, 0x0000000100000000)
  region size 1024K, 24 young (24576K), 0 survivors (0K)
 Metaspace       used 10132K, capacity 10390K, committed 10624K, reserved 526336K
  class space    used 1020K, capacity 1107K, committed 1152K, reserved 516096K
}
Event: 0.672 GC heap after
{Heap after GC invocations=1 (full 0):
 garbage-first heap   total 258048K, used 10301K [0x0000000080000000, 0x0000000100000000)
  region size 1024K, 3 young (3072K), 3 survivors (3072K)
 Metaspace       used 10132K, capacity 10390K, committed 10624K, reserved 526336K
  class space    used 1020K, capacity 1107K, committed 1152K, reserved 516096K
}
Event: 3.663 GC heap before
{Heap before GC invocations=1 (full 0):
 garbage-first heap   total 258048K, used 96317K [0x0000000080000000, 0x0000000100000000)
  region size 1024K, 88 young (90112K), 3 survivors (3072K)
 Metaspace       used 20693K, capacity 21133K, committed 21296K, reserved 536576K
  class space    used 2426K, capacity 2609K, committed 2688K, reserved 516096K
}
Event: 3.682 GC heap after
{Heap after GC invocations=2 (full 0):
 garbage-first heap   total 258048K, used 18194K [0x0000000080000000, 0x0000000100000000)
  region size 1024K, 11 young (11264K), 11 survivors (11264K)
 Metaspace       used 20693K, capacity 21133K, committed 21296K, reserved 536576K
  class space    used 2426K, capacity 2609K, committed 2688K, reserved 516096K
}

Deoptimization events (20 events):
Event: 3.892 Thread 0x000002188f295800 Uncommon trap: trap_request=0xffffff4d fr.pc=0x0000021887bbd830 relative=0x0000000000000a10
Event: 3.892 Thread 0x000002188f295800 Uncommon trap: reason=unstable_if action=reinterpret pc=0x0000021887bbd830 method=java.io.WinNTFileSystem.resolve(Ljava/lang/String;Ljava/lang/String;)Ljava/lang/String; @ 19 c2
Event: 3.892 Thread 0x000002188f295800 DEOPT PACKING pc=0x0000021887bbd830 sp=0x00000071091fca20
Event: 3.892 Thread 0x000002188f295800 DEOPT UNPACKING pc=0x000002188004a1af sp=0x00000071091fc9b8 mode 2
Event: 3.893 Thread 0x000002188f295800 Uncommon trap: trap_request=0xffffffc6 fr.pc=0x0000021887c29ba4 relative=0x0000000000000084
Event: 3.893 Thread 0x000002188f295800 Uncommon trap: reason=bimorphic_or_optimized_type_check action=maybe_recompile pc=0x0000021887c29ba4 method=java.util.AbstractList$Itr.hasNext()Z @ 8 c2
Event: 3.893 Thread 0x000002188f295800 DEOPT PACKING pc=0x0000021887c29ba4 sp=0x00000071091fbf80
Event: 3.893 Thread 0x000002188f295800 DEOPT UNPACKING pc=0x000002188004a1af sp=0x00000071091fbf18 mode 2
Event: 3.893 Thread 0x000002188f295800 Uncommon trap: trap_request=0xffffffc6 fr.pc=0x0000021887c29f54 relative=0x0000000000000114
Event: 3.893 Thread 0x000002188f295800 Uncommon trap: reason=bimorphic_or_optimized_type_check action=maybe_recompile pc=0x0000021887c29f54 method=java.util.AbstractList$Itr.next()Ljava/lang/Object; @ 14 c2
Event: 3.893 Thread 0x000002188f295800 DEOPT PACKING pc=0x0000021887c29f54 sp=0x00000071091fbf70
Event: 3.893 Thread 0x000002188f295800 DEOPT UNPACKING pc=0x000002188004a1af sp=0x00000071091fbf08 mode 2
Event: 3.894 Thread 0x000002188f295800 Uncommon trap: trap_request=0xffffff4d fr.pc=0x0000021887c242dc relative=0x000000000000051c
Event: 3.894 Thread 0x000002188f295800 Uncommon trap: reason=unstable_if action=reinterpret pc=0x0000021887c242dc method=java.io.File.getName()Ljava/lang/String; @ 16 c2
Event: 3.894 Thread 0x000002188f295800 DEOPT PACKING pc=0x0000021887c242dc sp=0x00000071091fc9b0
Event: 3.894 Thread 0x000002188f295800 DEOPT UNPACKING pc=0x000002188004a1af sp=0x00000071091fc980 mode 2
Event: 3.894 Thread 0x000002188f295800 Uncommon trap: trap_request=0xffffff4d fr.pc=0x0000021887c1c7b4 relative=0x0000000000000474
Event: 3.894 Thread 0x000002188f295800 Uncommon trap: reason=unstable_if action=reinterpret pc=0x0000021887c1c7b4 method=java.lang.String.substring(I)Ljava/lang/String; @ 34 c2
Event: 3.894 Thread 0x000002188f295800 DEOPT PACKING pc=0x0000021887c1c7b4 sp=0x00000071091fc930
Event: 3.894 Thread 0x000002188f295800 DEOPT UNPACKING pc=0x000002188004a1af sp=0x00000071091fc908 mode 2

Classes redefined (0 events):
No events

Internal exceptions (20 events):
Event: 1.767 Thread 0x00000218ec8d2800 Exception <a 'java/lang/NoSuchMethodError'{0x000000008be08210}: 'java.lang.Object java.lang.invoke.DirectMethodHandle$Holder.invokeStaticInit(java.lang.Object, int, int, int, int)'> (0x000000008be08210) thrown at [s\src\hotspot\share\interpreter\linkResolver.cpp, line 773]
Event: 2.210 Thread 0x00000218ec8d2800 Exception <a 'java/lang/NoSuchMethodError'{0x000000008be40a30}: 'java.lang.Object java.lang.invoke.DirectMethodHandle$Holder.invokeStaticInit(java.lang.Object, java.lang.Object, int, int, int, int)'> (0x000000008be40a30) thrown at [s\src\hotspot\share\interpreter\linkResolver.cpp, line 773]
Event: 3.001 Thread 0x00000218ec8d2800 Exception <a 'java/lang/NoSuchMethodError'{0x000000008bc699e8}: 'void java.lang.invoke.DirectMethodHandle$Holder.invokeSpecial(java.lang.Object, java.lang.Object)'> (0x000000008bc699e8) thrown at [s\src\hotspot\share\interpreter\linkResolver.cpp, line 773]
Event: 3.005 Thread 0x00000218ec8d2800 Exception <a 'java/io/IOException'{0x000000008bc83260}> (0x000000008bc83260) thrown at [s\src\hotspot\share\prims\jni.cpp, line 617]
Event: 3.207 Thread 0x000002188f295800 Exception <a 'java/lang/NoSuchMethodError'{0x000000008b532968}: 'long java.lang.invoke.DirectMethodHandle$Holder.invokeInterface(java.lang.Object, java.lang.Object)'> (0x000000008b532968) thrown at [s\src\hotspot\share\interpreter\linkResolver.cpp, line 773]
Event: 3.218 Thread 0x000002188f295800 Exception <a 'java/lang/NoSuchMethodError'{0x000000008b5847d0}: 'java.lang.Object java.lang.invoke.DirectMethodHandle$Holder.invokeVirtual(java.lang.Object, java.lang.Object, java.lang.Object)'> (0x000000008b5847d0) thrown at [s\src\hotspot\share\interpreter\linkResolver.cpp, line 773]
Event: 3.459 Thread 0x000002188f295800 Exception <a 'java/lang/NoSuchMethodError'{0x000000008ab1d188}: 'java.lang.Object java.lang.invoke.Invokers$Holder.linkToTargetMethod(java.lang.Object, java.lang.Object, java.lang.Object, java.lang.Object, java.lang.Object, java.lang.Object)'> (0x000000008ab1d188) thrown at [s\src\hotspot\share\interpreter\linkResolver.cpp, line 773]
Event: 3.464 Thread 0x000002188f295800 Exception <a 'java/lang/NoSuchMethodError'{0x000000008ab4b0b0}: 'void java.lang.invoke.DirectMethodHandle$Holder.invokeSpecial(java.lang.Object, java.lang.Object, java.lang.Object, java.lang.Object, java.lang.Object, java.lang.Object)'> (0x000000008ab4b0b0) thrown at [s\src\hotspot\share\interpreter\linkResolver.cpp, line 773]
Event: 3.469 Thread 0x000002188f295800 Exception <a 'java/lang/NoSuchMethodError'{0x000000008ab78df8}: 'java.lang.Object java.lang.invoke.DirectMethodHandle$Holder.invokeSpecial(java.lang.Object, java.lang.Object, java.lang.Object, java.lang.Object, java.lang.Object, java.lang.Object, java.lang.Object, java.lang.Object, int, int)'> (0x000000008ab78df8) thrown at [s\src\hotspot\share\interpreter\linkResolver.cpp, line 773]
Event: 3.502 Thread 0x000002188f295800 Exception <a 'java/lang/NoSuchMethodError'{0x000000008aa9bd40}: 'java.lang.Object java.lang.invoke.DirectMethodHandle$Holder.invokeStatic(java.lang.Object, java.lang.Object, java.lang.Object, int, java.lang.Object, java.lang.Object)'> (0x000000008aa9bd40) thrown at [s\src\hotspot\share\interpreter\linkResolver.cpp, line 773]
Event: 3.503 Thread 0x000002188f295800 Exception <a 'java/lang/NoSuchMethodError'{0x000000008aaa31a8}: 'java.lang.Object java.lang.invoke.Invokers$Holder.linkToTargetMethod(java.lang.Object, java.lang.Object, int, java.lang.Object, java.lang.Object, java.lang.Object)'> (0x000000008aaa31a8) thrown at [s\src\hotspot\share\interpreter\linkResolver.cpp, line 773]
Event: 3.565 Thread 0x000002188f295800 Exception <a 'java/lang/NoSuchMethodError'{0x000000008a8e9960}: 'void java.lang.invoke.DelegatingMethodHandle$Holder.reinvoke_L(java.lang.Object, java.lang.Object, java.lang.Object, java.lang.Object, java.lang.Object, java.lang.Object, java.lang.Object, java.lang.Object, java.lang.Object, java.lang.Object, java.lang.Object)'> (0x000000008a8e9960) thrown at [s\src\hotspot\share\interpreter\linkResolver.cpp, line 773]
Event: 3.566 Thread 0x000002188f295800 Exception <a 'java/lang/NoSuchMethodError'{0x000000008a8f1c50}: 'java.lang.Object java.lang.invoke.DirectMethodHandle$Holder.invokeSpecial(java.lang.Object, java.lang.Object, java.lang.Object, java.lang.Object, java.lang.Object, java.lang.Object, java.lang.Object, java.lang.Object, java.lang.Object, java.lang.Object, java.lang.Object)'> (0x000000008a8f1c50) thrown at [s\src\hotspot\share\interpreter\linkResolver.cpp, line 773]
Event: 3.567 Thread 0x000002188f295800 Exception <a 'java/lang/NoSuchMethodError'{0x000000008a8f63c0}: 'java.lang.Object java.lang.invoke.Invokers$Holder.invoker(java.lang.Object, java.lang.Object, java.lang.Object, java.lang.Object, java.lang.Object, java.lang.Object, java.lang.Object, java.lang.Object, java.lang.Object, java.lang.Object, java.lang.Object)'> (0x000000008a8f63c0) thrown at [s\src\hotspot\share\interpreter\linkResolver.cpp, line 773]
Event: 3.567 Thread 0x000002188f295800 Exception <a 'java/lang/NoSuchMethodError'{0x000000008a8fb370}: 'java.lang.Object java.lang.invoke.DirectMethodHandle$Holder.invokeSpecial(java.lang.Object, java.lang.Object, java.lang.Object, java.lang.Object, java.lang.Object, java.lang.Object, java.lang.Object, java.lang.Object, java.lang.Object, java.lang.Object, java.lang.Object, java.lang.Object)'> (0x000000008a8fb370) thrown at [s\src\hotspot\share\interpreter\linkResolver.cpp, line 773]
Event: 3.608 Thread 0x000002188f295800 Exception <a 'java/lang/NoSuchMethodError'{0x000000008a6598b8}: 'java.lang.Object java.lang.invoke.DirectMethodHandle$Holder.invokeSpecial(java.lang.Object, java.lang.Object, java.lang.Object, java.lang.Object, java.lang.Object, java.lang.Object, java.lang.Object, java.lang.Object, java.lang.Object)'> (0x000000008a6598b8) thrown at [s\src\hotspot\share\interpreter\linkResolver.cpp, line 773]
Event: 3.754 Thread 0x000002188f295800 Exception <a 'java/lang/NoSuchMethodError'{0x000000008f7bb860}: 'void java.lang.invoke.DirectMethodHandle$Holder.invokeStaticInit(java.lang.Object)'> (0x000000008f7bb860) thrown at [s\src\hotspot\share\interpreter\linkResolver.cpp, line 773]
Event: 3.774 Thread 0x000002188f295800 Exception <a 'java/lang/NoSuchMethodError'{0x000000008f65ee08}: 'java.lang.Object java.lang.invoke.DirectMethodHandle$Holder.invokeStatic(java.lang.Object, java.lang.Object, java.lang.Object, int)'> (0x000000008f65ee08) thrown at [s\src\hotspot\share\interpreter\linkResolver.cpp, line 773]
Event: 3.774 Thread 0x000002188f295800 Exception <a 'java/lang/NoSuchMethodError'{0x000000008f662fd0}: 'java.lang.Object java.lang.invoke.DirectMethodHandle$Holder.invokeSpecial(java.lang.Object, java.lang.Object, java.lang.Object, java.lang.Object, int)'> (0x000000008f662fd0) thrown at [s\src\hotspot\share\interpreter\linkResolver.cpp, line 773]
Event: 3.775 Thread 0x000002188f295800 Exception <a 'java/lang/NoSuchMethodError'{0x000000008f6669b8}: 'java.lang.Object java.lang.invoke.Invokers$Holder.linkToTargetMethod(java.lang.Object, java.lang.Object, int, java.lang.Object)'> (0x000000008f6669b8) thrown at [s\src\hotspot\share\interpreter\linkResolver.cpp, line 773]

Events (20 events):
Event: 4.156 loading class org/gradle/internal/snapshot/impl/DirectorySnapshotterStatistics
Event: 4.156 loading class org/gradle/internal/snapshot/impl/DirectorySnapshotterStatistics done
Event: 4.157 loading class org/gradle/internal/snapshot/FileSystemLocationSnapshot
Event: 4.157 loading class org/gradle/internal/snapshot/FileSystemLocationSnapshot done
Event: 4.157 loading class org/gradle/internal/snapshot/FileSystemSnapshot
Event: 4.157 loading class org/gradle/internal/snapshot/FileSystemSnapshot done
Event: 4.158 loading class org/apache/tools/ant/DirectoryScanner
Event: 4.158 loading class org/apache/tools/ant/DirectoryScanner done
Event: 4.160 loading class org/apache/tools/ant/FileScanner
Event: 4.160 loading class org/apache/tools/ant/FileScanner done
Event: 4.161 loading class org/apache/tools/ant/types/selectors/SelectorScanner
Event: 4.161 loading class org/apache/tools/ant/types/selectors/SelectorScanner done
Event: 4.161 loading class org/apache/tools/ant/types/ResourceFactory
Event: 4.161 loading class org/apache/tools/ant/types/ResourceFactory done
Event: 4.162 loading class org/apache/tools/ant/util/VectorSet
Event: 4.162 loading class org/apache/tools/ant/util/VectorSet done
Event: 4.163 Executing VM operation: Deoptimize
Event: 4.164 Executing VM operation: Deoptimize done
Event: 4.164 loading class org/apache/tools/ant/BuildException
Event: 4.164 loading class org/apache/tools/ant/BuildException done


Dynamic libraries:
0x00007ff700be0000 - 0x00007ff700bed000 	C:\Program Files\Microsoft\jdk-11.0.20.8-hotspot\bin\java.exe
0x00007ffab2df0000 - 0x00007ffab3007000 	C:\WINDOWS\SYSTEM32\ntdll.dll
0x00007ffab1680000 - 0x00007ffab1744000 	C:\WINDOWS\System32\KERNEL32.DLL
0x00007ffab0100000 - 0x00007ffab04a6000 	C:\WINDOWS\System32\KERNELBASE.dll
0x00007ffab0750000 - 0x00007ffab0861000 	C:\WINDOWS\System32\ucrtbase.dll
0x00007ffaab200000 - 0x00007ffaab215000 	C:\Program Files\Microsoft\jdk-11.0.20.8-hotspot\bin\VCRUNTIME140.dll
0x00007ffaa7650000 - 0x00007ffaa7667000 	C:\Program Files\Microsoft\jdk-11.0.20.8-hotspot\bin\jli.dll
0x00007ffab2a80000 - 0x00007ffab2c2e000 	C:\WINDOWS\System32\USER32.dll
0x00007ffaa04f0000 - 0x00007ffaa0783000 	C:\WINDOWS\WinSxS\amd64_microsoft.windows.common-controls_6595b64144ccf1df_6.0.22621.2506_none_270c5ae97388e100\COMCTL32.dll
0x00007ffab0870000 - 0x00007ffab0896000 	C:\WINDOWS\System32\win32u.dll
0x00007ffab1140000 - 0x00007ffab11e7000 	C:\WINDOWS\System32\msvcrt.dll
0x00007ffab2140000 - 0x00007ffab2169000 	C:\WINDOWS\System32\GDI32.dll
0x00007ffab09c0000 - 0x00007ffab0ad8000 	C:\WINDOWS\System32\gdi32full.dll
0x00007ffab0920000 - 0x00007ffab09ba000 	C:\WINDOWS\System32\msvcp_win.dll
0x00007ffab2c60000 - 0x00007ffab2c91000 	C:\WINDOWS\System32\IMM32.DLL
0x00007ffa6e5e0000 - 0x00007ffa6e67b000 	C:\Program Files\Microsoft\jdk-11.0.20.8-hotspot\bin\msvcp140.dll
0x00007ffa0ec10000 - 0x00007ffa0f7a6000 	C:\Program Files\Microsoft\jdk-11.0.20.8-hotspot\bin\server\jvm.dll
0x00007ffab1000000 - 0x00007ffab10b3000 	C:\WINDOWS\System32\ADVAPI32.dll
0x00007ffab2170000 - 0x00007ffab2218000 	C:\WINDOWS\System32\sechost.dll
0x00007ffab0ae0000 - 0x00007ffab0b08000 	C:\WINDOWS\System32\bcrypt.dll
0x00007ffab1450000 - 0x00007ffab1567000 	C:\WINDOWS\System32\RPCRT4.dll
0x00007ffab1670000 - 0x00007ffab1678000 	C:\WINDOWS\System32\PSAPI.DLL
0x00007ffa9b5e0000 - 0x00007ffa9b5e9000 	C:\WINDOWS\SYSTEM32\WSOCK32.dll
0x00007ffaa8670000 - 0x00007ffaa86a4000 	C:\WINDOWS\SYSTEM32\WINMM.dll
0x00007ffaa6660000 - 0x00007ffaa666a000 	C:\WINDOWS\SYSTEM32\VERSION.dll
0x00007ffab10c0000 - 0x00007ffab1131000 	C:\WINDOWS\System32\WS2_32.dll
0x00007ffaaf140000 - 0x00007ffaaf158000 	C:\WINDOWS\SYSTEM32\kernel.appcore.dll
0x00007ffaade80000 - 0x00007ffaade90000 	C:\Program Files\Microsoft\jdk-11.0.20.8-hotspot\bin\verify.dll
0x00007ffaad980000 - 0x00007ffaadbb3000 	C:\WINDOWS\SYSTEM32\DBGHELP.DLL
0x00007ffab2280000 - 0x00007ffab2609000 	C:\WINDOWS\System32\combase.dll
0x00007ffab2ca0000 - 0x00007ffab2d77000 	C:\WINDOWS\System32\OLEAUT32.dll
0x00007ffaa6e30000 - 0x00007ffaa6e62000 	C:\WINDOWS\SYSTEM32\dbgcore.DLL
0x00007ffab08a0000 - 0x00007ffab091a000 	C:\WINDOWS\System32\bcryptPrimitives.dll
0x00007ffa84700000 - 0x00007ffa84728000 	C:\Program Files\Microsoft\jdk-11.0.20.8-hotspot\bin\java.dll
0x00007ffaade20000 - 0x00007ffaade2a000 	C:\Program Files\Microsoft\jdk-11.0.20.8-hotspot\bin\jimage.dll
0x00007ffa839b0000 - 0x00007ffa839c8000 	C:\Program Files\Microsoft\jdk-11.0.20.8-hotspot\bin\zip.dll
0x00007ffab17e0000 - 0x00007ffab203b000 	C:\WINDOWS\System32\SHELL32.dll
0x00007ffaae060000 - 0x00007ffaae956000 	C:\WINDOWS\SYSTEM32\windows.storage.dll
0x00007ffaadf20000 - 0x00007ffaae05e000 	C:\WINDOWS\SYSTEM32\wintypes.dll
0x00007ffab1570000 - 0x00007ffab1663000 	C:\WINDOWS\System32\SHCORE.dll
0x00007ffab0fa0000 - 0x00007ffab0ffe000 	C:\WINDOWS\System32\shlwapi.dll
0x00007ffab0030000 - 0x00007ffab0056000 	C:\WINDOWS\SYSTEM32\profapi.dll
0x00007ffa82a50000 - 0x00007ffa82a69000 	C:\Program Files\Microsoft\jdk-11.0.20.8-hotspot\bin\net.dll
0x00007ffaaab90000 - 0x00007ffaaacc7000 	C:\WINDOWS\SYSTEM32\WINHTTP.dll
0x00007ffaaf5c0000 - 0x00007ffaaf629000 	C:\WINDOWS\system32\mswsock.dll
0x00007ffa81a80000 - 0x00007ffa81a93000 	C:\Program Files\Microsoft\jdk-11.0.20.8-hotspot\bin\nio.dll
0x00007ffa80de0000 - 0x00007ffa80e07000 	C:\Users\Techbumbles\.gradle\native\68d5fa5c4cc2d200863cafc0d521ce42e7d3e7ee720ec0a83991735586a16f82\windows-amd64\native-platform.dll
0x00007ffa628a0000 - 0x00007ffa629e4000 	C:\Users\Techbumbles\.gradle\native\e376f236ea51e6404a007f0833ffe2c6e607c4080706a723a18a27aeea778392\windows-amd64\native-platform-file-events.dll
0x00007ffaa4030000 - 0x00007ffaa4039000 	C:\Program Files\Microsoft\jdk-11.0.20.8-hotspot\bin\management.dll
0x00007ffa90bc0000 - 0x00007ffa90bcb000 	C:\Program Files\Microsoft\jdk-11.0.20.8-hotspot\bin\management_ext.dll
0x00007ffaaf820000 - 0x00007ffaaf83b000 	C:\WINDOWS\SYSTEM32\CRYPTSP.dll
0x00007ffaaf0a0000 - 0x00007ffaaf0d5000 	C:\WINDOWS\system32\rsaenh.dll
0x00007ffaaf6b0000 - 0x00007ffaaf6dc000 	C:\WINDOWS\SYSTEM32\USERENV.dll
0x00007ffaaf810000 - 0x00007ffaaf81c000 	C:\WINDOWS\SYSTEM32\CRYPTBASE.dll
0x00007ffaaebc0000 - 0x00007ffaaebed000 	C:\WINDOWS\SYSTEM32\IPHLPAPI.DLL
0x00007ffab0b10000 - 0x00007ffab0b19000 	C:\WINDOWS\System32\NSI.dll
0x00007ffaaa8d0000 - 0x00007ffaaa8e9000 	C:\WINDOWS\SYSTEM32\dhcpcsvc6.DLL
0x00007ffaaa720000 - 0x00007ffaaa73f000 	C:\WINDOWS\SYSTEM32\dhcpcsvc.DLL
0x00007ffaaec30000 - 0x00007ffaaed29000 	C:\WINDOWS\SYSTEM32\DNSAPI.dll

dbghelp: loaded successfully - version: 4.0.5 - missing functions: none
symbol engine: initialized successfully - sym options: 0x614 - pdb path: .;C:\Program Files\Microsoft\jdk-11.0.20.8-hotspot\bin;C:\WINDOWS\SYSTEM32;C:\WINDOWS\WinSxS\amd64_microsoft.windows.common-controls_6595b64144ccf1df_6.0.22621.2506_none_270c5ae97388e100;C:\Program Files\Microsoft\jdk-11.0.20.8-hotspot\bin\server;C:\Users\Techbumbles\.gradle\native\68d5fa5c4cc2d200863cafc0d521ce42e7d3e7ee720ec0a83991735586a16f82\windows-amd64;C:\Users\Techbumbles\.gradle\native\e376f236ea51e6404a007f0833ffe2c6e607c4080706a723a18a27aeea778392\windows-amd64

VM Arguments:
jvm_args: -XX:MaxMetaspaceSize=512m --add-opens=java.base/java.util=ALL-UNNAMED --add-opens=java.base/java.lang=ALL-UNNAMED --add-opens=java.base/java.lang.invoke=ALL-UNNAMED --add-opens=java.prefs/java.util.prefs=ALL-UNNAMED --add-opens=java.base/java.nio.charset=ALL-UNNAMED --add-opens=java.base/java.net=ALL-UNNAMED --add-opens=java.base/java.util.concurrent.atomic=ALL-UNNAMED -Xmx2048m -Dfile.encoding=windows-1252 -Duser.country=GB -Duser.language=en -Duser.variant 
java_command: org.gradle.launcher.daemon.bootstrap.GradleDaemon 8.0.1
java_class_path (initial): C:\Users\Techbumbles\.gradle\wrapper\dists\gradle-8.0.1-all\aro4hu1c3oeioove7l0i4i14o\gradle-8.0.1\lib\gradle-launcher-8.0.1.jar
Launcher Type: SUN_STANDARD

[Global flags]
     intx CICompilerCount                          = 12                                        {product} {ergonomic}
   size_t CompressedClassSpaceSize                 = 528482304                                 {product} {ergonomic}
     uint ConcGCThreads                            = 3                                         {product} {ergonomic}
     uint G1ConcRefinementThreads                  = 13                                        {product} {ergonomic}
   size_t G1HeapRegionSize                         = 1048576                                   {product} {ergonomic}
    uintx GCDrainStackTargetSize                   = 64                                        {product} {ergonomic}
   size_t InitialHeapSize                          = 264241152                                 {product} {ergonomic}
   size_t MarkStackSize                            = 4194304                                   {product} {ergonomic}
   size_t MaxHeapSize                              = 2147483648                                {product} {command line}
   size_t MaxMetaspaceSize                         = 536870912                                 {product} {command line}
   size_t MaxNewSize                               = 1287651328                                {product} {ergonomic}
   size_t MinHeapDeltaBytes                        = 1048576                                   {product} {ergonomic}
    uintx NonNMethodCodeHeapSize                   = 7594288                                {pd product} {ergonomic}
    uintx NonProfiledCodeHeapSize                  = 122031976                              {pd product} {ergonomic}
    uintx ProfiledCodeHeapSize                     = 122031976                              {pd product} {ergonomic}
    uintx ReservedCodeCacheSize                    = 251658240                              {pd product} {ergonomic}
     bool SegmentedCodeCache                       = true                                      {product} {ergonomic}
     bool UseCompressedClassPointers               = true                                 {lp64_product} {ergonomic}
     bool UseCompressedOops                        = true                                 {lp64_product} {ergonomic}
     bool UseG1GC                                  = true                                      {product} {ergonomic}
     bool UseLargePagesIndividualAllocation        = false                                  {pd product} {ergonomic}

Logging:
Log output configuration:
 #0: stdout all=warning uptime,level,tags
 #1: stderr all=off uptime,level,tags

Environment Variables:
JAVA_HOME=C:\Program Files\Microsoft\jdk-11.0.20.8-hotspot\
CLASSPATH=E:\Itero\cubbie_lightmanager_migration\android\\gradle\wrapper\gradle-wrapper.jar
PATH=E:\Itero\cubbie_lightmanager_migration\node_modules\.bin;E:\Itero\node_modules\.bin;E:\node_modules\.bin;C:\Program Files\nodejs\node_modules\npm\node_modules\@npmcli\run-script\lib\node-gyp-bin;C:\Python312\Scripts\;C:\Python312\;C:\Program Files\Microsoft\jdk-11.0.20.8-hotspot\bin;C:\Program Files\Common Files\Oracle\Java\javapath;C:\WINDOWS\system32;C:\WINDOWS;C:\WINDOWS\System32\Wbem;C:\WINDOWS\System32\WindowsPowerShell\v1.0\;C:\WINDOWS\System32\OpenSSH\;C:\Program Files\Amazon\AWSCLIV2\;C:\elastic_stack\elasticsearch-8.5.3\bin;C:\elastic_stack\kibana-8.5.3\bin;C:\mongosh-1.7.1-win32-x64\mongosh-1.7.1-win32-x64\bin;C:\Program Files\MongoDB\Server\6.0\bin;C:\Program Files\Microsoft\jdk-11.0.20.8-hotspot\\bin;C:\Tools\sonar-scanner-cli-4.8.0.2856-windows\sonar-scanner-4.8.0.2856-windows\bin;C:\ProgramData\chocolatey\bin;C:\Program Files\Microsoft SQL Server\150\Tools\Binn\;C:\Program Files\nodejs\;C:\Program Files\Git\cmd;C:\Users\Techbumbles\AppData\Local\Android\Sdk\platform-tools;C:\Users\Techbumbles\AppData\Local\Android\Sdk\tools;C:\Users\Techbumbles\AppData\Local\Android\Sdk\tools;C:\Users\Techbumbles\AppData\Local\Microsoft\WindowsApps;C:\Users\Techbumbles\AppData\Local\GitHubDesktop\bin;C:\Users\Techbumbles\AppData\Local\Android\Sdk\platform-tools;C:\Users\Techbumbles\AppData\Roaming\npm;C:\Users\Techbumbles\AppData\Local\Programs\Microsoft VS Code\bin
USERNAME=Techbumbles
LANG=en_US.UTF-8
OS=Windows_NT
PROCESSOR_IDENTIFIER=Intel64 Family 6 Model 154 Stepping 3, GenuineIntel
TMP=C:\Users\TECHBU~1\AppData\Local\Temp
TEMP=C:\Users\TECHBU~1\AppData\Local\Temp



---------------  S Y S T E M  ---------------

OS: Windows 11 , 64 bit Build 22621 (10.0.22621.3085)
OS uptime: 6 days 0:42 hours

CPU:total 16 (initial active 16) (8 cores per cpu, 2 threads per core) family 6 model 154 stepping 3 microcode 0x429, cmov, cx8, fxsr, mmx, sse, sse2, sse3, ssse3, sse4.1, sse4.2, popcnt, avx, avx2, aes, clmul, erms, 3dnowpref, lzcnt, ht, tsc, tscinvbit, bmi1, bmi2, adx, sha, fma

Memory: 4k page, system-wide physical 16067M (136M free)
TotalPageFile size 41067M (AvailPageFile size 0M)
current process WorkingSet (physical memory assigned to process): 213M, peak: 214M
current process commit charge ("private bytes"): 416M, peak: 417M

vm_info: OpenJDK 64-Bit Server VM (11.0.20+8-LTS) for windows-amd64 JRE (11.0.20+8-LTS), built on Jul  7 2023 17:05:21 by "MicrosoftCorporation" with MS VC++ 15.9 (VS2017)

END.
